<?xml version="1.0" encoding="UTF-8" standalone="yes"?><!DOCTYPE report PUBLIC "-//JACOCO//DTD Report 1.1//EN" "report.dtd"><report name="gsvg"><sessioninfo id="L0QC49QP2R-2eed20c8" start="1768558883656" dump="1768558886360"/><package name="se/alipsa/groovy/svg/css"><class name="se/alipsa/groovy/svg/css/CssParser$_parseStyleSheet_closure1$_closure6$_closure7" sourcefilename="CssParser.groovy"><method name="&lt;init&gt;" desc="(Ljava/lang/Object;Ljava/lang/Object;Lgroovy/lang/Reference;)V"><counter type="INSTRUCTION" missed="0" covered="9"/><counter type="COMPLEXITY" missed="0" covered="1"/><counter type="METHOD" missed="0" covered="1"/></method><method name="doCall" desc="(Lcom/helger/css/decl/CSSDeclaration;)Ljava/lang/String;" line="46"><counter type="INSTRUCTION" missed="0" covered="25"/><counter type="LINE" missed="0" covered="1"/><counter type="COMPLEXITY" missed="0" covered="1"/><counter type="METHOD" missed="0" covered="1"/></method><method name="&lt;clinit&gt;" desc="()V"><counter type="INSTRUCTION" missed="0" covered="2"/><counter type="COMPLEXITY" missed="0" covered="1"/><counter type="METHOD" missed="0" covered="1"/></method><counter type="INSTRUCTION" missed="0" covered="36"/><counter type="LINE" missed="0" covered="1"/><counter type="COMPLEXITY" missed="0" covered="3"/><counter type="METHOD" missed="0" covered="3"/><counter type="CLASS" missed="0" covered="1"/></class><class name="se/alipsa/groovy/svg/css/CssStyleSheet" sourcefilename="CssStyleSheet.groovy"><method name="empty" desc="()Lse/alipsa/groovy/svg/css/CssStyleSheet;" line="29"><counter type="INSTRUCTION" missed="0" covered="4"/><counter type="LINE" missed="0" covered="1"/><counter type="COMPLEXITY" missed="0" covered="1"/><counter type="METHOD" missed="0" covered="1"/></method><method name="parse" desc="(Ljava/lang/String;)Lse/alipsa/groovy/svg/css/CssStyleSheet;" line="40"><counter type="INSTRUCTION" missed="0" covered="3"/><counter type="LINE" missed="0" covered="1"/><counter type="COMPLEXITY" missed="0" covered="1"/><counter type="METHOD" missed="0" covered="1"/></method><method name="addRule" desc="(Ljava/lang/String;Ljava/util/Map;)Lse/alipsa/groovy/svg/css/CssStyleSheet;" line="51"><counter type="INSTRUCTION" missed="0" covered="9"/><counter type="LINE" missed="0" covered="2"/><counter type="COMPLEXITY" missed="0" covered="1"/><counter type="METHOD" missed="0" covered="1"/></method><method name="addRule" desc="(Lse/alipsa/groovy/svg/css/CssRule;)Lse/alipsa/groovy/svg/css/CssStyleSheet;" line="62"><counter type="INSTRUCTION" missed="0" covered="13"/><counter type="BRANCH" missed="0" covered="4"/><counter type="LINE" missed="0" covered="3"/><counter type="COMPLEXITY" missed="0" covered="3"/><counter type="METHOD" missed="0" covered="1"/></method><method name="removeRule" desc="(Ljava/lang/String;)Lse/alipsa/groovy/svg/css/CssStyleSheet;" line="75"><counter type="INSTRUCTION" missed="0" covered="18"/><counter type="LINE" missed="0" covered="2"/><counter type="COMPLEXITY" missed="0" covered="1"/><counter type="METHOD" missed="0" covered="1"/></method><method name="getRules" desc="()Ljava/util/List;" line="85"><counter type="INSTRUCTION" missed="0" covered="4"/><counter type="LINE" missed="0" covered="1"/><counter type="COMPLEXITY" missed="0" covered="1"/><counter type="METHOD" missed="0" covered="1"/></method><method name="findBySelector" desc="(Ljava/lang/String;)Ljava/util/List;" line="95"><counter type="INSTRUCTION" missed="0" covered="16"/><counter type="LINE" missed="0" covered="1"/><counter type="COMPLEXITY" missed="0" covered="1"/><counter type="METHOD" missed="0" covered="1"/></method><method name="findFirstBySelector" desc="(Ljava/lang/String;)Lse/alipsa/groovy/svg/css/CssRule;" line="105"><counter type="INSTRUCTION" missed="0" covered="17"/><counter type="LINE" missed="0" covered="1"/><counter type="COMPLEXITY" missed="0" covered="1"/><counter type="METHOD" missed="0" covered="1"/></method><method name="isEmpty" desc="()Z" line="114"><counter type="INSTRUCTION" missed="0" covered="4"/><counter type="LINE" missed="0" covered="1"/><counter type="COMPLEXITY" missed="0" covered="1"/><counter type="METHOD" missed="0" covered="1"/></method><method name="size" desc="()I" line="123"><counter type="INSTRUCTION" missed="0" covered="4"/><counter type="LINE" missed="0" covered="1"/><counter type="COMPLEXITY" missed="0" covered="1"/><counter type="METHOD" missed="0" covered="1"/></method><method name="clear" desc="()Lse/alipsa/groovy/svg/css/CssStyleSheet;" line="132"><counter type="INSTRUCTION" missed="0" covered="5"/><counter type="LINE" missed="0" covered="2"/><counter type="COMPLEXITY" missed="0" covered="1"/><counter type="METHOD" missed="0" covered="1"/></method><method name="toString" desc="()Ljava/lang/String;" line="143"><counter type="INSTRUCTION" missed="0" covered="17"/><counter type="BRANCH" missed="0" covered="2"/><counter type="LINE" missed="0" covered="3"/><counter type="COMPLEXITY" missed="0" covered="2"/><counter type="METHOD" missed="0" covered="1"/></method><counter type="INSTRUCTION" missed="0" covered="114"/><counter type="BRANCH" missed="0" covered="6"/><counter type="LINE" missed="0" covered="19"/><counter type="COMPLEXITY" missed="0" covered="15"/><counter type="METHOD" missed="0" covered="12"/><counter type="CLASS" missed="0" covered="1"/></class><class name="se/alipsa/groovy/svg/css/CssParser$_toInlineStyle_closure5" sourcefilename="CssParser.groovy"><method name="&lt;init&gt;" desc="(Ljava/lang/Object;Ljava/lang/Object;)V"><counter type="INSTRUCTION" missed="0" covered="5"/><counter type="COMPLEXITY" missed="0" covered="1"/><counter type="METHOD" missed="0" covered="1"/></method><method name="doCall" desc="(Ljava/lang/Object;Ljava/lang/Object;)Lgroovy/lang/GString;" line="148"><counter type="INSTRUCTION" missed="0" covered="28"/><counter type="LINE" missed="0" covered="1"/><counter type="COMPLEXITY" missed="0" covered="1"/><counter type="METHOD" missed="0" covered="1"/></method><method name="&lt;clinit&gt;" desc="()V"><counter type="INSTRUCTION" missed="0" covered="2"/><counter type="COMPLEXITY" missed="0" covered="1"/><counter type="METHOD" missed="0" covered="1"/></method><counter type="INSTRUCTION" missed="0" covered="35"/><counter type="LINE" missed="0" covered="1"/><counter type="COMPLEXITY" missed="0" covered="3"/><counter type="METHOD" missed="0" covered="3"/><counter type="CLASS" missed="0" covered="1"/></class><class name="se/alipsa/groovy/svg/css/CssParser" sourcefilename="CssParser.groovy"><method name="parseStyleSheet" desc="(Ljava/lang/String;)Lse/alipsa/groovy/svg/css/CssStyleSheet;" line="28"><counter type="INSTRUCTION" missed="30" covered="46"/><counter type="BRANCH" missed="3" covered="11"/><counter type="LINE" missed="1" covered="7"/><counter type="COMPLEXITY" missed="3" covered="5"/><counter type="METHOD" missed="0" covered="1"/></method><method name="parseRule" desc="(Ljava/lang/String;)Lse/alipsa/groovy/svg/css/CssRule;" line="65"><counter type="INSTRUCTION" missed="31" covered="55"/><counter type="BRANCH" missed="5" covered="5"/><counter type="LINE" missed="1" covered="8"/><counter type="COMPLEXITY" missed="5" covered="1"/><counter type="METHOD" missed="0" covered="1"/></method><method name="parseInlineStyle" desc="(Ljava/lang/String;)Ljava/util/Map;" line="90"><counter type="INSTRUCTION" missed="26" covered="82"/><counter type="BRANCH" missed="10" covered="10"/><counter type="LINE" missed="1" covered="9"/><counter type="COMPLEXITY" missed="10" covered="1"/><counter type="METHOD" missed="0" covered="1"/></method><method name="parseInlineStyleSimple" desc="(Ljava/lang/String;)Ljava/util/Map;" line="120"><counter type="INSTRUCTION" missed="23" covered="0"/><counter type="LINE" missed="3" covered="0"/><counter type="COMPLEXITY" missed="1" covered="0"/><counter type="METHOD" missed="1" covered="0"/></method><method name="toInlineStyle" desc="(Ljava/util/Map;)Ljava/lang/String;" line="143"><counter type="INSTRUCTION" missed="9" covered="22"/><counter type="BRANCH" missed="5" covered="5"/><counter type="LINE" missed="1" covered="2"/><counter type="COMPLEXITY" missed="5" covered="1"/><counter type="METHOD" missed="0" covered="1"/></method><method name="&lt;clinit&gt;" desc="()V" line="18"><counter type="INSTRUCTION" missed="0" covered="9"/><counter type="LINE" missed="0" covered="1"/><counter type="COMPLEXITY" missed="0" covered="1"/><counter type="METHOD" missed="0" covered="1"/></method><counter type="INSTRUCTION" missed="119" covered="214"/><counter type="BRANCH" missed="23" covered="31"/><counter type="LINE" missed="7" covered="27"/><counter type="COMPLEXITY" missed="24" covered="9"/><counter type="METHOD" missed="1" covered="5"/><counter type="CLASS" missed="0" covered="1"/></class><class name="se/alipsa/groovy/svg/css/CssRule$_toString_closure1" sourcefilename="CssRule.groovy"><method name="&lt;init&gt;" desc="(Ljava/lang/Object;Ljava/lang/Object;)V"><counter type="INSTRUCTION" missed="0" covered="5"/><counter type="COMPLEXITY" missed="0" covered="1"/><counter type="METHOD" missed="0" covered="1"/></method><method name="doCall" desc="(Ljava/lang/Object;Ljava/lang/Object;)Lgroovy/lang/GString;" line="103"><counter type="INSTRUCTION" missed="0" covered="28"/><counter type="LINE" missed="0" covered="1"/><counter type="COMPLEXITY" missed="0" covered="1"/><counter type="METHOD" missed="0" covered="1"/></method><method name="&lt;clinit&gt;" desc="()V"><counter type="INSTRUCTION" missed="0" covered="2"/><counter type="COMPLEXITY" missed="0" covered="1"/><counter type="METHOD" missed="0" covered="1"/></method><counter type="INSTRUCTION" missed="0" covered="35"/><counter type="LINE" missed="0" covered="1"/><counter type="COMPLEXITY" missed="0" covered="3"/><counter type="METHOD" missed="0" covered="3"/><counter type="CLASS" missed="0" covered="1"/></class><class name="se/alipsa/groovy/svg/css/CssStyleSheet$_toString_closure4" sourcefilename="CssStyleSheet.groovy"><method name="&lt;init&gt;" desc="(Ljava/lang/Object;Ljava/lang/Object;)V"><counter type="INSTRUCTION" missed="0" covered="5"/><counter type="COMPLEXITY" missed="0" covered="1"/><counter type="METHOD" missed="0" covered="1"/></method><method name="doCall" desc="(Ljava/lang/Object;)Ljava/lang/String;" line="146"><counter type="INSTRUCTION" missed="0" covered="4"/><counter type="LINE" missed="0" covered="1"/><counter type="COMPLEXITY" missed="0" covered="1"/><counter type="METHOD" missed="0" covered="1"/></method><method name="&lt;clinit&gt;" desc="()V"><counter type="INSTRUCTION" missed="0" covered="2"/><counter type="COMPLEXITY" missed="0" covered="1"/><counter type="METHOD" missed="0" covered="1"/></method><counter type="INSTRUCTION" missed="0" covered="11"/><counter type="LINE" missed="0" covered="1"/><counter type="COMPLEXITY" missed="0" covered="3"/><counter type="METHOD" missed="0" covered="3"/><counter type="CLASS" missed="0" covered="1"/></class><class name="se/alipsa/groovy/svg/css/CssStyleSheet$_findFirstBySelector_closure3" sourcefilename="CssStyleSheet.groovy"><method name="&lt;init&gt;" desc="(Ljava/lang/Object;Ljava/lang/Object;Lgroovy/lang/Reference;)V"><counter type="INSTRUCTION" missed="0" covered="9"/><counter type="COMPLEXITY" missed="0" covered="1"/><counter type="METHOD" missed="0" covered="1"/></method><method name="doCall" desc="(Ljava/lang/Object;)Ljava/lang/Boolean;" line="105"><counter type="INSTRUCTION" missed="0" covered="10"/><counter type="LINE" missed="0" covered="1"/><counter type="COMPLEXITY" missed="0" covered="1"/><counter type="METHOD" missed="0" covered="1"/></method><method name="&lt;clinit&gt;" desc="()V"><counter type="INSTRUCTION" missed="0" covered="2"/><counter type="COMPLEXITY" missed="0" covered="1"/><counter type="METHOD" missed="0" covered="1"/></method><counter type="INSTRUCTION" missed="0" covered="21"/><counter type="LINE" missed="0" covered="1"/><counter type="COMPLEXITY" missed="0" covered="3"/><counter type="METHOD" missed="0" covered="3"/><counter type="CLASS" missed="0" covered="1"/></class><class name="se/alipsa/groovy/svg/css/CssStyleSheet$_removeRule_closure1" sourcefilename="CssStyleSheet.groovy"><method name="&lt;init&gt;" desc="(Ljava/lang/Object;Ljava/lang/Object;Lgroovy/lang/Reference;)V"><counter type="INSTRUCTION" missed="0" covered="9"/><counter type="COMPLEXITY" missed="0" covered="1"/><counter type="METHOD" missed="0" covered="1"/></method><method name="doCall" desc="(Ljava/lang/Object;)Ljava/lang/Boolean;" line="75"><counter type="INSTRUCTION" missed="0" covered="10"/><counter type="LINE" missed="0" covered="1"/><counter type="COMPLEXITY" missed="0" covered="1"/><counter type="METHOD" missed="0" covered="1"/></method><method name="&lt;clinit&gt;" desc="()V"><counter type="INSTRUCTION" missed="0" covered="2"/><counter type="COMPLEXITY" missed="0" covered="1"/><counter type="METHOD" missed="0" covered="1"/></method><counter type="INSTRUCTION" missed="0" covered="21"/><counter type="LINE" missed="0" covered="1"/><counter type="COMPLEXITY" missed="0" covered="3"/><counter type="METHOD" missed="0" covered="3"/><counter type="CLASS" missed="0" covered="1"/></class><class name="se/alipsa/groovy/svg/css/CssParser$_parseRule_closure2" sourcefilename="CssParser.groovy"><method name="&lt;init&gt;" desc="(Ljava/lang/Object;Ljava/lang/Object;Lgroovy/lang/Reference;)V"><counter type="INSTRUCTION" missed="0" covered="9"/><counter type="COMPLEXITY" missed="0" covered="1"/><counter type="METHOD" missed="0" covered="1"/></method><method name="doCall" desc="(Lcom/helger/css/decl/CSSDeclaration;)Ljava/lang/String;" line="77"><counter type="INSTRUCTION" missed="0" covered="25"/><counter type="LINE" missed="0" covered="1"/><counter type="COMPLEXITY" missed="0" covered="1"/><counter type="METHOD" missed="0" covered="1"/></method><method name="&lt;clinit&gt;" desc="()V"><counter type="INSTRUCTION" missed="0" covered="2"/><counter type="COMPLEXITY" missed="0" covered="1"/><counter type="METHOD" missed="0" covered="1"/></method><counter type="INSTRUCTION" missed="0" covered="36"/><counter type="LINE" missed="0" covered="1"/><counter type="COMPLEXITY" missed="0" covered="3"/><counter type="METHOD" missed="0" covered="3"/><counter type="CLASS" missed="0" covered="1"/></class><class name="se/alipsa/groovy/svg/css/CssParser$_parseInlineStyleSimple_closure4" sourcefilename="CssParser.groovy"><method name="&lt;init&gt;" desc="(Ljava/lang/Object;Ljava/lang/Object;Lgroovy/lang/Reference;)V"><counter type="INSTRUCTION" missed="9" covered="0"/><counter type="COMPLEXITY" missed="1" covered="0"/><counter type="METHOD" missed="1" covered="0"/></method><method name="doCall" desc="(Ljava/lang/String;)Ljava/lang/String;" line="123"><counter type="INSTRUCTION" missed="60" covered="0"/><counter type="BRANCH" missed="10" covered="0"/><counter type="LINE" missed="7" covered="0"/><counter type="COMPLEXITY" missed="6" covered="0"/><counter type="METHOD" missed="1" covered="0"/></method><method name="&lt;clinit&gt;" desc="()V"><counter type="INSTRUCTION" missed="2" covered="0"/><counter type="COMPLEXITY" missed="1" covered="0"/><counter type="METHOD" missed="1" covered="0"/></method><counter type="INSTRUCTION" missed="71" covered="0"/><counter type="BRANCH" missed="10" covered="0"/><counter type="LINE" missed="7" covered="0"/><counter type="COMPLEXITY" missed="8" covered="0"/><counter type="METHOD" missed="3" covered="0"/><counter type="CLASS" missed="1" covered="0"/></class><class name="se/alipsa/groovy/svg/css/CssStyleSheet$_findBySelector_closure2" sourcefilename="CssStyleSheet.groovy"><method name="&lt;init&gt;" desc="(Ljava/lang/Object;Ljava/lang/Object;Lgroovy/lang/Reference;)V"><counter type="INSTRUCTION" missed="0" covered="9"/><counter type="COMPLEXITY" missed="0" covered="1"/><counter type="METHOD" missed="0" covered="1"/></method><method name="doCall" desc="(Ljava/lang/Object;)Ljava/lang/Boolean;" line="95"><counter type="INSTRUCTION" missed="0" covered="10"/><counter type="LINE" missed="0" covered="1"/><counter type="COMPLEXITY" missed="0" covered="1"/><counter type="METHOD" missed="0" covered="1"/></method><method name="&lt;clinit&gt;" desc="()V"><counter type="INSTRUCTION" missed="0" covered="2"/><counter type="COMPLEXITY" missed="0" covered="1"/><counter type="METHOD" missed="0" covered="1"/></method><counter type="INSTRUCTION" missed="0" covered="21"/><counter type="LINE" missed="0" covered="1"/><counter type="COMPLEXITY" missed="0" covered="3"/><counter type="METHOD" missed="0" covered="3"/><counter type="CLASS" missed="0" covered="1"/></class><class name="se/alipsa/groovy/svg/css/CssParser$_parseStyleSheet_closure1" sourcefilename="CssParser.groovy"><method name="&lt;init&gt;" desc="(Ljava/lang/Object;Ljava/lang/Object;Lgroovy/lang/Reference;)V"><counter type="INSTRUCTION" missed="0" covered="9"/><counter type="COMPLEXITY" missed="0" covered="1"/><counter type="METHOD" missed="0" covered="1"/></method><method name="doCall" desc="(Lcom/helger/css/decl/CSSStyleRule;)Ljava/util/List;" line="40"><counter type="INSTRUCTION" missed="0" covered="21"/><counter type="LINE" missed="0" covered="1"/><counter type="COMPLEXITY" missed="0" covered="1"/><counter type="METHOD" missed="0" covered="1"/></method><method name="&lt;clinit&gt;" desc="()V"><counter type="INSTRUCTION" missed="0" covered="2"/><counter type="COMPLEXITY" missed="0" covered="1"/><counter type="METHOD" missed="0" covered="1"/></method><counter type="INSTRUCTION" missed="0" covered="32"/><counter type="LINE" missed="0" covered="1"/><counter type="COMPLEXITY" missed="0" covered="3"/><counter type="METHOD" missed="0" covered="3"/><counter type="CLASS" missed="0" covered="1"/></class><class name="se/alipsa/groovy/svg/css/CssRule" sourcefilename="CssRule.groovy"><method name="of" desc="(Ljava/lang/String;Ljava/util/Map;)Lse/alipsa/groovy/svg/css/CssRule;" line="39"><counter type="INSTRUCTION" missed="0" covered="9"/><counter type="LINE" missed="0" covered="1"/><counter type="COMPLEXITY" missed="0" covered="1"/><counter type="METHOD" missed="0" covered="1"/></method><method name="parse" desc="(Ljava/lang/String;)Lse/alipsa/groovy/svg/css/CssRule;" line="50"><counter type="INSTRUCTION" missed="0" covered="3"/><counter type="LINE" missed="0" covered="1"/><counter type="COMPLEXITY" missed="0" covered="1"/><counter type="METHOD" missed="0" covered="1"/></method><method name="getDeclaration" desc="(Ljava/lang/String;)Ljava/lang/String;" line="60"><counter type="INSTRUCTION" missed="1" covered="11"/><counter type="BRANCH" missed="1" covered="1"/><counter type="LINE" missed="0" covered="1"/><counter type="COMPLEXITY" missed="1" covered="1"/><counter type="METHOD" missed="0" covered="1"/></method><method name="withDeclaration" desc="(Ljava/lang/String;Ljava/lang/String;)Lse/alipsa/groovy/svg/css/CssRule;" line="71"><counter type="INSTRUCTION" missed="4" covered="35"/><counter type="BRANCH" missed="1" covered="1"/><counter type="LINE" missed="0" covered="3"/><counter type="COMPLEXITY" missed="1" covered="1"/><counter type="METHOD" missed="0" covered="1"/></method><method name="withoutDeclaration" desc="(Ljava/lang/String;)Lse/alipsa/groovy/svg/css/CssRule;" line="83"><counter type="INSTRUCTION" missed="5" covered="40"/><counter type="BRANCH" missed="3" covered="9"/><counter type="LINE" missed="0" covered="5"/><counter type="COMPLEXITY" missed="3" covered="4"/><counter type="METHOD" missed="0" covered="1"/></method><method name="toString" desc="()Ljava/lang/String;" line="98"><counter type="INSTRUCTION" missed="3" covered="81"/><counter type="BRANCH" missed="2" covered="8"/><counter type="LINE" missed="0" covered="4"/><counter type="COMPLEXITY" missed="2" covered="4"/><counter type="METHOD" missed="0" covered="1"/></method><counter type="INSTRUCTION" missed="13" covered="179"/><counter type="BRANCH" missed="7" covered="19"/><counter type="LINE" missed="0" covered="15"/><counter type="COMPLEXITY" missed="7" covered="12"/><counter type="METHOD" missed="0" covered="6"/><counter type="CLASS" missed="0" covered="1"/></class><class name="se/alipsa/groovy/svg/css/CssParser$_parseInlineStyle_closure3" sourcefilename="CssParser.groovy"><method name="&lt;init&gt;" desc="(Ljava/lang/Object;Ljava/lang/Object;Lgroovy/lang/Reference;)V"><counter type="INSTRUCTION" missed="0" covered="9"/><counter type="COMPLEXITY" missed="0" covered="1"/><counter type="METHOD" missed="0" covered="1"/></method><method name="doCall" desc="(Lcom/helger/css/decl/CSSDeclaration;)Ljava/lang/String;" line="105"><counter type="INSTRUCTION" missed="0" covered="25"/><counter type="LINE" missed="0" covered="1"/><counter type="COMPLEXITY" missed="0" covered="1"/><counter type="METHOD" missed="0" covered="1"/></method><method name="&lt;clinit&gt;" desc="()V"><counter type="INSTRUCTION" missed="0" covered="2"/><counter type="COMPLEXITY" missed="0" covered="1"/><counter type="METHOD" missed="0" covered="1"/></method><counter type="INSTRUCTION" missed="0" covered="36"/><counter type="LINE" missed="0" covered="1"/><counter type="COMPLEXITY" missed="0" covered="3"/><counter type="METHOD" missed="0" covered="3"/><counter type="CLASS" missed="0" covered="1"/></class><class name="se/alipsa/groovy/svg/css/CssParser$_parseStyleSheet_closure1$_closure6" sourcefilename="CssParser.groovy"><method name="&lt;init&gt;" desc="(Ljava/lang/Object;Ljava/lang/Object;Lgroovy/lang/Reference;Lgroovy/lang/Reference;)V"><counter type="INSTRUCTION" missed="0" covered="13"/><counter type="COMPLEXITY" missed="0" covered="1"/><counter type="METHOD" missed="0" covered="1"/></method><method name="doCall" desc="(Ljava/lang/Object;)Lse/alipsa/groovy/svg/css/CssStyleSheet;" line="41"><counter type="INSTRUCTION" missed="0" covered="36"/><counter type="LINE" missed="0" covered="4"/><counter type="COMPLEXITY" missed="0" covered="1"/><counter type="METHOD" missed="0" covered="1"/></method><method name="&lt;clinit&gt;" desc="()V"><counter type="INSTRUCTION" missed="0" covered="2"/><counter type="COMPLEXITY" missed="0" covered="1"/><counter type="METHOD" missed="0" covered="1"/></method><counter type="INSTRUCTION" missed="0" covered="51"/><counter type="LINE" missed="0" covered="4"/><counter type="COMPLEXITY" missed="0" covered="3"/><counter type="METHOD" missed="0" covered="3"/><counter type="CLASS" missed="0" covered="1"/></class><sourcefile name="CssStyleSheet.groovy"><line nr="29" mi="0" ci="4" mb="0" cb="0"/><line nr="40" mi="0" ci="3" mb="0" cb="0"/><line nr="51" mi="0" ci="7" mb="0" cb="0"/><line nr="52" mi="0" ci="2" mb="0" cb="0"/><line nr="62" mi="0" ci="6" mb="0" cb="4"/><line nr="63" mi="0" ci="5" mb="0" cb="0"/><line nr="65" mi="0" ci="2" mb="0" cb="0"/><line nr="75" mi="0" ci="20" mb="0" cb="0"/><line nr="76" mi="0" ci="2" mb="0" cb="0"/><line nr="85" mi="0" ci="4" mb="0" cb="0"/><line nr="95" mi="0" ci="20" mb="0" cb="0"/><line nr="105" mi="0" ci="21" mb="0" cb="0"/><line nr="114" mi="0" ci="4" mb="0" cb="0"/><line nr="123" mi="0" ci="4" mb="0" cb="0"/><line nr="132" mi="0" ci="3" mb="0" cb="0"/><line nr="133" mi="0" ci="2" mb="0" cb="0"/><line nr="143" mi="0" ci="4" mb="0" cb="2"/><line nr="144" mi="0" ci="2" mb="0" cb="0"/><line nr="146" mi="0" ci="15" mb="0" cb="0"/><counter type="INSTRUCTION" missed="0" covered="188"/><counter type="BRANCH" missed="0" covered="6"/><counter type="LINE" missed="0" covered="19"/><counter type="COMPLEXITY" missed="0" covered="27"/><counter type="METHOD" missed="0" covered="24"/><counter type="CLASS" missed="0" covered="5"/></sourcefile><sourcefile name="CssRule.groovy"><line nr="39" mi="0" ci="9" mb="0" cb="0"/><line nr="50" mi="0" ci="3" mb="0" cb="0"/><line nr="60" mi="1" ci="11" mb="1" cb="1"/><line nr="71" mi="4" ci="10" mb="1" cb="1"/><line nr="72" mi="0" ci="18" mb="0" cb="0"/><line nr="73" mi="0" ci="7" mb="0" cb="0"/><line nr="83" mi="5" ci="21" mb="3" cb="9"/><line nr="84" mi="0" ci="2" mb="0" cb="0"/><line nr="86" mi="0" ci="6" mb="0" cb="0"/><line nr="87" mi="0" ci="4" mb="0" cb="0"/><line nr="88" mi="0" ci="7" mb="0" cb="0"/><line nr="98" mi="3" ci="18" mb="2" cb="8"/><line nr="99" mi="0" ci="22" mb="0" cb="0"/><line nr="102" mi="0" ci="11" mb="0" cb="0"/><line nr="103" mi="0" ci="28" mb="0" cb="0"/><line nr="106" mi="0" ci="30" mb="0" cb="0"/><counter type="INSTRUCTION" missed="13" covered="214"/><counter type="BRANCH" missed="7" covered="19"/><counter type="LINE" missed="0" covered="16"/><counter type="COMPLEXITY" missed="7" covered="15"/><counter type="METHOD" missed="0" covered="9"/><counter type="CLASS" missed="0" covered="2"/></sourcefile><sourcefile name="CssParser.groovy"><line nr="18" mi="0" ci="9" mb="0" cb="0"/><line nr="28" mi="3" ci="17" mb="1" cb="9"/><line nr="29" mi="0" ci="2" mb="0" cb="0"/><line nr="32" mi="0" ci="3" mb="0" cb="0"/><line nr="33" mi="2" ci="4" mb="2" cb="2"/><line nr="34" mi="25" ci="0" mb="0" cb="0"/><line nr="37" mi="0" ci="6" mb="0" cb="0"/><line nr="38" mi="0" ci="10" mb="0" cb="0"/><line nr="40" mi="0" ci="15" mb="0" cb="0"/><line nr="41" mi="0" ci="4" mb="0" cb="0"/><line nr="44" mi="0" ci="8" mb="0" cb="0"/><line nr="45" mi="0" ci="14" mb="0" cb="0"/><line nr="46" mi="0" ci="25" mb="0" cb="0"/><line nr="49" mi="0" ci="10" mb="0" cb="0"/><line nr="53" mi="0" ci="4" mb="0" cb="0"/><line nr="65" mi="0" ci="3" mb="0" cb="0"/><line nr="67" mi="0" ci="3" mb="0" cb="0"/><line nr="68" mi="6" ci="12" mb="5" cb="5"/><line nr="69" mi="25" ci="0" mb="0" cb="0"/><line nr="72" mi="0" ci="6" mb="0" cb="0"/><line nr="73" mi="0" ci="7" mb="0" cb="0"/><line nr="75" mi="0" ci="8" mb="0" cb="0"/><line nr="76" mi="0" ci="10" mb="0" cb="0"/><line nr="77" mi="0" ci="25" mb="0" cb="0"/><line nr="80" mi="0" ci="6" mb="0" cb="0"/><line nr="90" mi="7" ci="13" mb="5" cb="5"/><line nr="91" mi="4" ci="0" mb="0" cb="0"/><line nr="94" mi="0" ci="8" mb="0" cb="0"/><line nr="98" mi="0" ci="21" mb="0" cb="0"/><line nr="101" mi="0" ci="3" mb="0" cb="0"/><line nr="102" mi="3" ci="15" mb="5" cb="5"/><line nr="103" mi="0" ci="6" mb="0" cb="0"/><line nr="104" mi="1" ci="11" mb="0" cb="0"/><line nr="105" mi="0" ci="25" mb="0" cb="0"/><line nr="110" mi="11" ci="1" mb="0" cb="0"/><line nr="113" mi="0" ci="4" mb="0" cb="0"/><line nr="120" mi="8" ci="0" mb="0" cb="0"/><line nr="122" mi="11" ci="0" mb="0" cb="0"/><line nr="123" mi="5" ci="0" mb="0" cb="0"/><line nr="124" mi="8" ci="0" mb="4" cb="0"/><line nr="125" mi="6" ci="0" mb="0" cb="0"/><line nr="126" mi="6" ci="0" mb="0" cb="0"/><line nr="127" mi="10" ci="0" mb="6" cb="0"/><line nr="128" mi="23" ci="0" mb="0" cb="0"/><line nr="131" mi="2" ci="0" mb="0" cb="0"/><line nr="133" mi="4" ci="0" mb="0" cb="0"/><line nr="143" mi="7" ci="12" mb="5" cb="5"/><line nr="144" mi="2" ci="0" mb="0" cb="0"/><line nr="147" mi="0" ci="10" mb="0" cb="0"/><line nr="148" mi="0" ci="28" mb="0" cb="0"/><counter type="INSTRUCTION" missed="190" covered="440"/><counter type="BRANCH" missed="33" covered="31"/><counter type="LINE" missed="14" covered="36"/><counter type="COMPLEXITY" missed="32" covered="27"/><counter type="METHOD" missed="4" covered="23"/><counter type="CLASS" missed="1" covered="7"/></sourcefile><counter type="INSTRUCTION" missed="203" covered="842"/><counter type="BRANCH" missed="40" covered="56"/><counter type="LINE" missed="14" covered="71"/><counter type="COMPLEXITY" missed="39" covered="69"/><counter type="METHOD" missed="4" covered="56"/><counter type="CLASS" missed="1" covered="14"/></package><package name="se/alipsa/groovy/svg/templates"><class name="se/alipsa/groovy/svg/templates/Template" sourcefilename="Template.groovy"><method name="getDefaults" desc="()Ljava/util/Map;" line="68"><counter type="INSTRUCTION" missed="4" covered="0"/><counter type="LINE" missed="1" covered="0"/><counter type="COMPLEXITY" missed="1" covered="0"/><counter type="METHOD" missed="1" covered="0"/></method><method name="mergeParams" desc="(Ljava/util/Map;)Ljava/util/Map;" line="80"><counter type="INSTRUCTION" missed="0" covered="19"/><counter type="BRANCH" missed="0" covered="4"/><counter type="LINE" missed="0" covered="5"/><counter type="COMPLEXITY" missed="0" covered="3"/><counter type="METHOD" missed="0" covered="1"/></method><method name="apply" desc="(Lse/alipsa/groovy/svg/AbstractElementContainer;)Lse/alipsa/groovy/svg/SvgElement;" line="95"><counter type="INSTRUCTION" missed="0" covered="7"/><counter type="LINE" missed="0" covered="1"/><counter type="COMPLEXITY" missed="0" covered="1"/><counter type="METHOD" missed="0" covered="1"/></method><counter type="INSTRUCTION" missed="4" covered="26"/><counter type="BRANCH" missed="0" covered="4"/><counter type="LINE" missed="1" covered="6"/><counter type="COMPLEXITY" missed="1" covered="4"/><counter type="METHOD" missed="1" covered="2"/><counter type="CLASS" missed="0" covered="1"/></class><class name="se/alipsa/groovy/svg/templates/ChartLegend" sourcefilename="ChartLegend.groovy"><method name="apply" desc="(Lse/alipsa/groovy/svg/AbstractElementContainer;Ljava/util/Map;)Lse/alipsa/groovy/svg/SvgElement;" line="55"><counter type="INSTRUCTION" missed="0" covered="229"/><counter type="BRANCH" missed="0" covered="4"/><counter type="LINE" missed="0" covered="25"/><counter type="COMPLEXITY" missed="0" covered="3"/><counter type="METHOD" missed="0" covered="1"/></method><method name="getDefaults" desc="()Ljava/util/Map;" line="123"><counter type="INSTRUCTION" missed="0" covered="118"/><counter type="LINE" missed="0" covered="2"/><counter type="COMPLEXITY" missed="0" covered="1"/><counter type="METHOD" missed="0" covered="1"/></method><method name="&lt;clinit&gt;" desc="()V"><counter type="INSTRUCTION" missed="0" covered="2"/><counter type="COMPLEXITY" missed="0" covered="1"/><counter type="METHOD" missed="0" covered="1"/></method><counter type="INSTRUCTION" missed="0" covered="349"/><counter type="BRANCH" missed="0" covered="4"/><counter type="LINE" missed="0" covered="27"/><counter type="COMPLEXITY" missed="0" covered="5"/><counter type="METHOD" missed="0" covered="3"/><counter type="CLASS" missed="0" covered="1"/></class><class name="se/alipsa/groovy/svg/templates/ChartLegend$_apply_closure1" sourcefilename="ChartLegend.groovy"><method name="&lt;init&gt;" desc="(Ljava/lang/Object;Ljava/lang/Object;Lgroovy/lang/Reference;Lgroovy/lang/Reference;Lgroovy/lang/Reference;Lgroovy/lang/Reference;Lgroovy/lang/Reference;Lgroovy/lang/Reference;Lgroovy/lang/Reference;)V"><counter type="INSTRUCTION" missed="0" covered="33"/><counter type="COMPLEXITY" missed="0" covered="1"/><counter type="METHOD" missed="0" covered="1"/></method><method name="doCall" desc="(Ljava/util/Map;I)Lse/alipsa/groovy/svg/Text;" line="97"><counter type="INSTRUCTION" missed="0" covered="117"/><counter type="LINE" missed="0" covered="6"/><counter type="COMPLEXITY" missed="0" covered="1"/><counter type="METHOD" missed="0" covered="1"/></method><method name="&lt;clinit&gt;" desc="()V"><counter type="INSTRUCTION" missed="0" covered="2"/><counter type="COMPLEXITY" missed="0" covered="1"/><counter type="METHOD" missed="0" covered="1"/></method><counter type="INSTRUCTION" missed="0" covered="152"/><counter type="LINE" missed="0" covered="6"/><counter type="COMPLEXITY" missed="0" covered="3"/><counter type="METHOD" missed="0" covered="3"/><counter type="CLASS" missed="0" covered="1"/></class><sourcefile name="Template.groovy"><line nr="68" mi="4" ci="0" mb="0" cb="0"/><line nr="80" mi="0" ci="3" mb="0" cb="0"/><line nr="81" mi="0" ci="5" mb="0" cb="0"/><line nr="82" mi="0" ci="6" mb="0" cb="4"/><line nr="83" mi="0" ci="3" mb="0" cb="0"/><line nr="85" mi="0" ci="2" mb="0" cb="0"/><line nr="95" mi="0" ci="7" mb="0" cb="0"/><counter type="INSTRUCTION" missed="4" covered="26"/><counter type="BRANCH" missed="0" covered="4"/><counter type="LINE" missed="1" covered="6"/><counter type="COMPLEXITY" missed="1" covered="4"/><counter type="METHOD" missed="1" covered="2"/><counter type="CLASS" missed="0" covered="1"/></sourcefile><sourcefile name="ChartLegend.groovy"><line nr="55" mi="0" ci="4" mb="0" cb="0"/><line nr="57" mi="0" ci="11" mb="0" cb="0"/><line nr="58" mi="0" ci="11" mb="0" cb="0"/><line nr="59" mi="0" ci="7" mb="0" cb="0"/><line nr="60" mi="0" ci="11" mb="0" cb="0"/><line nr="61" mi="0" ci="11" mb="0" cb="0"/><line nr="62" mi="0" ci="11" mb="0" cb="0"/><line nr="63" mi="0" ci="11" mb="0" cb="0"/><line nr="64" mi="0" ci="7" mb="0" cb="0"/><line nr="65" mi="0" ci="7" mb="0" cb="0"/><line nr="66" mi="0" ci="7" mb="0" cb="0"/><line nr="67" mi="0" ci="7" mb="0" cb="0"/><line nr="68" mi="0" ci="7" mb="0" cb="0"/><line nr="71" mi="0" ci="7" mb="0" cb="0"/><line nr="72" mi="0" ci="18" mb="0" cb="2"/><line nr="75" mi="0" ci="2" mb="0" cb="0"/><line nr="76" mi="0" ci="16" mb="0" cb="0"/><line nr="77" mi="0" ci="15" mb="0" cb="0"/><line nr="80" mi="0" ci="5" mb="0" cb="0"/><line nr="81" mi="0" ci="21" mb="0" cb="0"/><line nr="88" mi="0" ci="2" mb="0" cb="2"/><line nr="89" mi="0" ci="8" mb="0" cb="0"/><line nr="92" mi="0" ci="4" mb="0" cb="0"/><line nr="96" mi="0" ci="15" mb="0" cb="0"/><line nr="97" mi="0" ci="23" mb="0" cb="0"/><line nr="98" mi="0" ci="12" mb="0" cb="0"/><line nr="101" mi="0" ci="36" mb="0" cb="0"/><line nr="111" mi="0" ci="11" mb="0" cb="0"/><line nr="112" mi="0" ci="11" mb="0" cb="0"/><line nr="113" mi="0" ci="24" mb="0" cb="0"/><line nr="118" mi="0" ci="4" mb="0" cb="0"/><line nr="123" mi="0" ci="26" mb="0" cb="0"/><line nr="126" mi="0" ci="92" mb="0" cb="0"/><counter type="INSTRUCTION" missed="0" covered="501"/><counter type="BRANCH" missed="0" covered="4"/><counter type="LINE" missed="0" covered="33"/><counter type="COMPLEXITY" missed="0" covered="8"/><counter type="METHOD" missed="0" covered="6"/><counter type="CLASS" missed="0" covered="2"/></sourcefile><counter type="INSTRUCTION" missed="4" covered="527"/><counter type="BRANCH" missed="0" covered="8"/><counter type="LINE" missed="1" covered="39"/><counter type="COMPLEXITY" missed="1" covered="12"/><counter type="METHOD" missed="1" covered="8"/><counter type="CLASS" missed="0" covered="3"/></package><package name="se/alipsa/groovy/svg/utils"><class name="se/alipsa/groovy/svg/utils/SvgMerger" sourcefilename="SvgMerger.groovy"><method name="mergeHorizontally" desc="([Lse/alipsa/groovy/svg/Svg;)Lse/alipsa/groovy/svg/Svg;" line="36"><counter type="INSTRUCTION" missed="2" covered="169"/><counter type="BRANCH" missed="3" covered="23"/><counter type="LINE" missed="0" covered="24"/><counter type="COMPLEXITY" missed="3" covered="11"/><counter type="METHOD" missed="0" covered="1"/></method><method name="mergeVertically" desc="([Lse/alipsa/groovy/svg/Svg;)Lse/alipsa/groovy/svg/Svg;" line="97"><counter type="INSTRUCTION" missed="2" covered="169"/><counter type="BRANCH" missed="3" covered="23"/><counter type="LINE" missed="0" covered="24"/><counter type="COMPLEXITY" missed="3" covered="11"/><counter type="METHOD" missed="0" covered="1"/></method><method name="mergeOnTop" desc="([Lse/alipsa/groovy/svg/Svg;)Lse/alipsa/groovy/svg/Svg;" line="159"><counter type="INSTRUCTION" missed="2" covered="110"/><counter type="BRANCH" missed="4" covered="22"/><counter type="LINE" missed="0" covered="17"/><counter type="COMPLEXITY" missed="4" covered="10"/><counter type="METHOD" missed="0" covered="1"/></method><method name="extractDimensions" desc="(Lse/alipsa/groovy/svg/Svg;)Lse/alipsa/groovy/svg/utils/SvgMerger$SvgDimensions;" line="203"><counter type="INSTRUCTION" missed="6" covered="94"/><counter type="BRANCH" missed="10" covered="24"/><counter type="LINE" missed="0" covered="18"/><counter type="COMPLEXITY" missed="10" covered="8"/><counter type="METHOD" missed="0" covered="1"/></method><method name="parseNumericValue" desc="(Ljava/lang/String;)Ljava/math/BigDecimal;" line="240"><counter type="INSTRUCTION" missed="21" covered="19"/><counter type="BRANCH" missed="2" covered="2"/><counter type="LINE" missed="2" covered="3"/><counter type="COMPLEXITY" missed="2" covered="1"/><counter type="METHOD" missed="0" covered="1"/></method><method name="&lt;clinit&gt;" desc="()V"><counter type="INSTRUCTION" missed="0" covered="2"/><counter type="COMPLEXITY" missed="0" covered="1"/><counter type="METHOD" missed="0" covered="1"/></method><counter type="INSTRUCTION" missed="33" covered="563"/><counter type="BRANCH" missed="22" covered="94"/><counter type="LINE" missed="2" covered="86"/><counter type="COMPLEXITY" missed="22" covered="42"/><counter type="METHOD" missed="0" covered="6"/><counter type="CLASS" missed="0" covered="1"/></class><class name="se/alipsa/groovy/svg/utils/NumberFormatter$__clinit__lambda1" sourcefilename="NumberFormatter.groovy"><method name="&lt;init&gt;" desc="(Ljava/lang/Object;Ljava/lang/Object;)V"><counter type="INSTRUCTION" missed="0" covered="5"/><counter type="COMPLEXITY" missed="0" covered="1"/><counter type="METHOD" missed="0" covered="1"/></method><method name="doCall" desc="()Ljava/lang/Object;" line="50"><counter type="INSTRUCTION" missed="0" covered="6"/><counter type="LINE" missed="0" covered="1"/><counter type="COMPLEXITY" missed="0" covered="1"/><counter type="METHOD" missed="0" covered="1"/></method><counter type="INSTRUCTION" missed="0" covered="11"/><counter type="LINE" missed="0" covered="1"/><counter type="COMPLEXITY" missed="0" covered="2"/><counter type="METHOD" missed="0" covered="2"/><counter type="CLASS" missed="0" covered="1"/></class><class name="se/alipsa/groovy/svg/utils/ViewBox" sourcefilename="ViewBox.groovy"><method name="of" desc="(Ljava/lang/Number;Ljava/lang/Number;Ljava/lang/Number;Ljava/lang/Number;)Lse/alipsa/groovy/svg/utils/ViewBox;" line="67"><counter type="INSTRUCTION" missed="0" covered="86"/><counter type="BRANCH" missed="0" covered="8"/><counter type="LINE" missed="0" covered="7"/><counter type="COMPLEXITY" missed="0" covered="5"/><counter type="METHOD" missed="0" covered="1"/></method><method name="parse" desc="(Ljava/lang/String;)Lse/alipsa/groovy/svg/utils/ViewBox;" line="87"><counter type="INSTRUCTION" missed="31" covered="96"/><counter type="BRANCH" missed="0" covered="12"/><counter type="LINE" missed="1" covered="10"/><counter type="COMPLEXITY" missed="0" covered="7"/><counter type="METHOD" missed="0" covered="1"/></method><method name="scale" desc="(Ljava/lang/Number;)Lse/alipsa/groovy/svg/utils/ViewBox;" line="120"><counter type="INSTRUCTION" missed="0" covered="54"/><counter type="BRANCH" missed="0" covered="4"/><counter type="LINE" missed="0" covered="4"/><counter type="COMPLEXITY" missed="0" covered="3"/><counter type="METHOD" missed="0" covered="1"/></method><method name="scale" desc="(Ljava/lang/Number;Ljava/lang/Number;)Lse/alipsa/groovy/svg/utils/ViewBox;" line="136"><counter type="INSTRUCTION" missed="41" covered="38"/><counter type="BRANCH" missed="5" covered="5"/><counter type="LINE" missed="1" covered="4"/><counter type="COMPLEXITY" missed="5" covered="1"/><counter type="METHOD" missed="0" covered="1"/></method><method name="translate" desc="(Ljava/lang/Number;Ljava/lang/Number;)Lse/alipsa/groovy/svg/utils/ViewBox;" line="152"><counter type="INSTRUCTION" missed="0" covered="18"/><counter type="LINE" missed="0" covered="1"/><counter type="COMPLEXITY" missed="0" covered="1"/><counter type="METHOD" missed="0" covered="1"/></method><method name="expand" desc="(Ljava/lang/Number;)Lse/alipsa/groovy/svg/utils/ViewBox;" line="162"><counter type="INSTRUCTION" missed="0" covered="14"/><counter type="LINE" missed="0" covered="2"/><counter type="COMPLEXITY" missed="0" covered="1"/><counter type="METHOD" missed="0" covered="1"/></method><method name="expand" desc="(Ljava/lang/Number;Ljava/lang/Number;Ljava/lang/Number;Ljava/lang/Number;)Lse/alipsa/groovy/svg/utils/ViewBox;" line="176"><counter type="INSTRUCTION" missed="0" covered="46"/><counter type="LINE" missed="0" covered="9"/><counter type="COMPLEXITY" missed="0" covered="1"/><counter type="METHOD" missed="0" covered="1"/></method><method name="centerAt" desc="(Ljava/lang/Number;Ljava/lang/Number;)Lse/alipsa/groovy/svg/utils/ViewBox;" line="196"><counter type="INSTRUCTION" missed="0" covered="36"/><counter type="LINE" missed="0" covered="5"/><counter type="COMPLEXITY" missed="0" covered="1"/><counter type="METHOD" missed="0" covered="1"/></method><method name="withAspectRatio" desc="(Ljava/lang/Number;)Lse/alipsa/groovy/svg/utils/ViewBox;" line="211"><counter type="INSTRUCTION" missed="0" covered="54"/><counter type="BRANCH" missed="0" covered="4"/><counter type="LINE" missed="0" covered="5"/><counter type="COMPLEXITY" missed="0" covered="3"/><counter type="METHOD" missed="0" covered="1"/></method><method name="fitToContain" desc="(Lse/alipsa/groovy/svg/utils/ViewBox;Z)Lse/alipsa/groovy/svg/utils/ViewBox;" line="236"><counter type="INSTRUCTION" missed="0" covered="93"/><counter type="BRANCH" missed="0" covered="4"/><counter type="LINE" missed="0" covered="10"/><counter type="COMPLEXITY" missed="0" covered="3"/><counter type="METHOD" missed="0" covered="1"/></method><method name="getCenterX" desc="()D" line="264"><counter type="INSTRUCTION" missed="0" covered="11"/><counter type="LINE" missed="0" covered="1"/><counter type="COMPLEXITY" missed="0" covered="1"/><counter type="METHOD" missed="0" covered="1"/></method><method name="getCenterY" desc="()D" line="272"><counter type="INSTRUCTION" missed="0" covered="11"/><counter type="LINE" missed="0" covered="1"/><counter type="COMPLEXITY" missed="0" covered="1"/><counter type="METHOD" missed="0" covered="1"/></method><method name="getMaxX" desc="()D" line="280"><counter type="INSTRUCTION" missed="0" covered="6"/><counter type="LINE" missed="0" covered="1"/><counter type="COMPLEXITY" missed="0" covered="1"/><counter type="METHOD" missed="0" covered="1"/></method><method name="getMaxY" desc="()D" line="288"><counter type="INSTRUCTION" missed="0" covered="6"/><counter type="LINE" missed="0" covered="1"/><counter type="COMPLEXITY" missed="0" covered="1"/><counter type="METHOD" missed="0" covered="1"/></method><method name="getAspectRatio" desc="()D" line="296"><counter type="INSTRUCTION" missed="0" covered="6"/><counter type="LINE" missed="0" covered="1"/><counter type="COMPLEXITY" missed="0" covered="1"/><counter type="METHOD" missed="0" covered="1"/></method><method name="contains" desc="(Ljava/lang/Number;Ljava/lang/Number;)Z" line="307"><counter type="INSTRUCTION" missed="2" covered="52"/><counter type="BRANCH" missed="4" covered="16"/><counter type="LINE" missed="0" covered="3"/><counter type="COMPLEXITY" missed="4" covered="7"/><counter type="METHOD" missed="0" covered="1"/></method><method name="contains" desc="(Lse/alipsa/groovy/svg/utils/ViewBox;)Z" line="318"><counter type="INSTRUCTION" missed="2" covered="50"/><counter type="BRANCH" missed="4" covered="16"/><counter type="LINE" missed="0" covered="2"/><counter type="COMPLEXITY" missed="4" covered="7"/><counter type="METHOD" missed="0" covered="1"/></method><method name="intersects" desc="(Lse/alipsa/groovy/svg/utils/ViewBox;)Z" line="328"><counter type="INSTRUCTION" missed="4" covered="52"/><counter type="BRANCH" missed="4" covered="18"/><counter type="LINE" missed="0" covered="2"/><counter type="COMPLEXITY" missed="4" covered="8"/><counter type="METHOD" missed="0" covered="1"/></method><method name="toString" desc="()Ljava/lang/String;" line="340"><counter type="INSTRUCTION" missed="0" covered="53"/><counter type="LINE" missed="0" covered="1"/><counter type="COMPLEXITY" missed="0" covered="1"/><counter type="METHOD" missed="0" covered="1"/></method><method name="formatNumber" desc="(D)Ljava/lang/String;" line="352"><counter type="INSTRUCTION" missed="0" covered="4"/><counter type="LINE" missed="0" covered="1"/><counter type="COMPLEXITY" missed="0" covered="1"/><counter type="METHOD" missed="0" covered="1"/></method><method name="toMap" desc="()Ljava/util/Map;" line="360"><counter type="INSTRUCTION" missed="0" covered="44"/><counter type="LINE" missed="0" covered="1"/><counter type="COMPLEXITY" missed="0" covered="1"/><counter type="METHOD" missed="0" covered="1"/></method><method name="&lt;clinit&gt;" desc="()V"><counter type="INSTRUCTION" missed="0" covered="2"/><counter type="COMPLEXITY" missed="0" covered="1"/><counter type="METHOD" missed="0" covered="1"/></method><counter type="INSTRUCTION" missed="80" covered="832"/><counter type="BRANCH" missed="17" covered="87"/><counter type="LINE" missed="2" covered="72"/><counter type="COMPLEXITY" missed="17" covered="57"/><counter type="METHOD" missed="0" covered="22"/><counter type="CLASS" missed="0" covered="1"/></class><class name="se/alipsa/groovy/svg/utils/SvgMerger$SvgDimensions" sourcefilename="SvgMerger.groovy"><method name="&lt;init&gt;" desc="(Ljava/math/BigDecimal;Ljava/math/BigDecimal;)V" line="261"><counter type="INSTRUCTION" missed="0" covered="16"/><counter type="LINE" missed="0" covered="4"/><counter type="COMPLEXITY" missed="0" covered="1"/><counter type="METHOD" missed="0" covered="1"/></method><counter type="INSTRUCTION" missed="0" covered="16"/><counter type="LINE" missed="0" covered="4"/><counter type="COMPLEXITY" missed="0" covered="1"/><counter type="METHOD" missed="0" covered="1"/><counter type="CLASS" missed="0" covered="1"/></class><class name="se/alipsa/groovy/svg/utils/Color" sourcefilename="Color.groovy"><method name="&lt;init&gt;" desc="(IIID)V" line="88"><counter type="INSTRUCTION" missed="0" covered="45"/><counter type="LINE" missed="0" covered="6"/><counter type="COMPLEXITY" missed="0" covered="1"/><counter type="METHOD" missed="0" covered="1"/></method><method name="rgb" desc="(III)Lse/alipsa/groovy/svg/utils/Color;" line="104"><counter type="INSTRUCTION" missed="0" covered="7"/><counter type="LINE" missed="0" covered="1"/><counter type="COMPLEXITY" missed="0" covered="1"/><counter type="METHOD" missed="0" covered="1"/></method><method name="rgba" desc="(IIID)Lse/alipsa/groovy/svg/utils/Color;" line="117"><counter type="INSTRUCTION" missed="0" covered="8"/><counter type="LINE" missed="0" covered="1"/><counter type="COMPLEXITY" missed="0" covered="1"/><counter type="METHOD" missed="0" covered="1"/></method><method name="hex" desc="(Ljava/lang/String;)Lse/alipsa/groovy/svg/utils/Color;" line="128"><counter type="INSTRUCTION" missed="41" covered="141"/><counter type="BRANCH" missed="5" covered="11"/><counter type="LINE" missed="2" covered="24"/><counter type="COMPLEXITY" missed="5" covered="4"/><counter type="METHOD" missed="0" covered="1"/></method><method name="hsl" desc="(DDD)Lse/alipsa/groovy/svg/utils/Color;" line="173"><counter type="INSTRUCTION" missed="0" covered="7"/><counter type="LINE" missed="0" covered="1"/><counter type="COMPLEXITY" missed="0" covered="1"/><counter type="METHOD" missed="0" covered="1"/></method><method name="hsla" desc="(DDDD)Lse/alipsa/groovy/svg/utils/Color;" line="187"><counter type="INSTRUCTION" missed="28" covered="182"/><counter type="BRANCH" missed="6" covered="14"/><counter type="LINE" missed="3" covered="19"/><counter type="COMPLEXITY" missed="6" covered="5"/><counter type="METHOD" missed="0" covered="1"/></method><method name="named" desc="(Ljava/lang/String;)Lse/alipsa/groovy/svg/utils/Color;" line="224"><counter type="INSTRUCTION" missed="0" covered="40"/><counter type="BRANCH" missed="0" covered="4"/><counter type="LINE" missed="0" covered="4"/><counter type="COMPLEXITY" missed="0" covered="3"/><counter type="METHOD" missed="0" covered="1"/></method><method name="parse" desc="(Ljava/lang/String;)Lse/alipsa/groovy/svg/utils/Color;" line="239"><counter type="INSTRUCTION" missed="35" covered="153"/><counter type="BRANCH" missed="7" covered="21"/><counter type="LINE" missed="2" covered="28"/><counter type="COMPLEXITY" missed="7" covered="8"/><counter type="METHOD" missed="0" covered="1"/></method><method name="withAlpha" desc="(D)Lse/alipsa/groovy/svg/utils/Color;" line="297"><counter type="INSTRUCTION" missed="0" covered="11"/><counter type="LINE" missed="0" covered="1"/><counter type="COMPLEXITY" missed="0" covered="1"/><counter type="METHOD" missed="0" covered="1"/></method><method name="darken" desc="(D)Lse/alipsa/groovy/svg/utils/Color;" line="307"><counter type="INSTRUCTION" missed="0" covered="36"/><counter type="LINE" missed="0" covered="6"/><counter type="COMPLEXITY" missed="0" covered="1"/><counter type="METHOD" missed="0" covered="1"/></method><method name="lighten" desc="(D)Lse/alipsa/groovy/svg/utils/Color;" line="324"><counter type="INSTRUCTION" missed="0" covered="49"/><counter type="LINE" missed="0" covered="5"/><counter type="COMPLEXITY" missed="0" covered="1"/><counter type="METHOD" missed="0" covered="1"/></method><method name="interpolate" desc="(Lse/alipsa/groovy/svg/utils/Color;D)Lse/alipsa/groovy/svg/utils/Color;" line="341"><counter type="INSTRUCTION" missed="0" covered="60"/><counter type="LINE" missed="0" covered="6"/><counter type="COMPLEXITY" missed="0" covered="1"/><counter type="METHOD" missed="0" covered="1"/></method><method name="toHex" desc="(Z)Ljava/lang/String;" line="357"><counter type="INSTRUCTION" missed="0" covered="45"/><counter type="BRANCH" missed="0" covered="2"/><counter type="LINE" missed="0" covered="4"/><counter type="COMPLEXITY" missed="0" covered="2"/><counter type="METHOD" missed="0" covered="1"/></method><method name="toRgb" desc="()Ljava/lang/String;" line="370"><counter type="INSTRUCTION" missed="3" covered="102"/><counter type="BRANCH" missed="0" covered="2"/><counter type="LINE" missed="0" covered="3"/><counter type="COMPLEXITY" missed="0" covered="2"/><counter type="METHOD" missed="0" covered="1"/></method><method name="toHsl" desc="()Ljava/lang/String;" line="383"><counter type="INSTRUCTION" missed="51" covered="210"/><counter type="BRANCH" missed="11" covered="9"/><counter type="LINE" missed="3" covered="17"/><counter type="COMPLEXITY" missed="9" covered="2"/><counter type="METHOD" missed="0" covered="1"/></method><method name="toString" desc="()Ljava/lang/String;" line="424"><counter type="INSTRUCTION" missed="3" covered="12"/><counter type="BRANCH" missed="0" covered="2"/><counter type="LINE" missed="0" covered="3"/><counter type="COMPLEXITY" missed="0" covered="2"/><counter type="METHOD" missed="0" covered="1"/></method><method name="getRed" desc="()I" line="436"><counter type="INSTRUCTION" missed="0" covered="3"/><counter type="LINE" missed="0" covered="1"/><counter type="COMPLEXITY" missed="0" covered="1"/><counter type="METHOD" missed="0" covered="1"/></method><method name="getGreen" desc="()I" line="443"><counter type="INSTRUCTION" missed="0" covered="3"/><counter type="LINE" missed="0" covered="1"/><counter type="COMPLEXITY" missed="0" covered="1"/><counter type="METHOD" missed="0" covered="1"/></method><method name="getBlue" desc="()I" line="450"><counter type="INSTRUCTION" missed="0" covered="3"/><counter type="LINE" missed="0" covered="1"/><counter type="COMPLEXITY" missed="0" covered="1"/><counter type="METHOD" missed="0" covered="1"/></method><method name="getAlpha" desc="()D" line="457"><counter type="INSTRUCTION" missed="0" covered="3"/><counter type="LINE" missed="0" covered="1"/><counter type="COMPLEXITY" missed="0" covered="1"/><counter type="METHOD" missed="0" covered="1"/></method><method name="clampInt" desc="(III)I" line="463"><counter type="INSTRUCTION" missed="0" covered="20"/><counter type="BRANCH" missed="0" covered="8"/><counter type="LINE" missed="0" covered="3"/><counter type="COMPLEXITY" missed="0" covered="5"/><counter type="METHOD" missed="0" covered="1"/></method><method name="clampDouble" desc="(DDD)D" line="472"><counter type="INSTRUCTION" missed="0" covered="22"/><counter type="BRANCH" missed="0" covered="8"/><counter type="LINE" missed="0" covered="3"/><counter type="COMPLEXITY" missed="0" covered="5"/><counter type="METHOD" missed="0" covered="1"/></method><method name="equals" desc="(Ljava/lang/Object;)Z" line="479"><counter type="INSTRUCTION" missed="6" covered="55"/><counter type="BRANCH" missed="7" covered="15"/><counter type="LINE" missed="0" covered="6"/><counter type="COMPLEXITY" missed="7" covered="5"/><counter type="METHOD" missed="0" covered="1"/></method><method name="hashCode" desc="()I" line="489"><counter type="INSTRUCTION" missed="0" covered="30"/><counter type="LINE" missed="0" covered="5"/><counter type="COMPLEXITY" missed="0" covered="1"/><counter type="METHOD" missed="0" covered="1"/></method><method name="&lt;clinit&gt;" desc="()V" line="36"><counter type="INSTRUCTION" missed="0" covered="1183"/><counter type="LINE" missed="0" covered="1"/><counter type="COMPLEXITY" missed="0" covered="1"/><counter type="METHOD" missed="0" covered="1"/></method><counter type="INSTRUCTION" missed="167" covered="2430"/><counter type="BRANCH" missed="36" covered="96"/><counter type="LINE" missed="10" covered="151"/><counter type="COMPLEXITY" missed="34" covered="57"/><counter type="METHOD" missed="0" covered="25"/><counter type="CLASS" missed="0" covered="1"/></class><class name="se/alipsa/groovy/svg/utils/PathBuilder" sourcefilename="PathBuilder.groovy"><method name="&lt;init&gt;" desc="()V" line="46"><counter type="INSTRUCTION" missed="0" covered="14"/><counter type="LINE" missed="0" covered="2"/><counter type="COMPLEXITY" missed="0" covered="1"/><counter type="METHOD" missed="0" covered="1"/></method><method name="&lt;init&gt;" desc="(Ljava/lang/String;)V" line="46"><counter type="INSTRUCTION" missed="1" covered="37"/><counter type="BRANCH" missed="2" covered="8"/><counter type="LINE" missed="0" covered="5"/><counter type="COMPLEXITY" missed="2" covered="4"/><counter type="METHOD" missed="0" covered="1"/></method><method name="n" desc="(Ljava/lang/Number;)Ljava/lang/String;" line="61"><counter type="INSTRUCTION" missed="0" covered="3"/><counter type="LINE" missed="0" covered="1"/><counter type="COMPLEXITY" missed="0" covered="1"/><counter type="METHOD" missed="0" covered="1"/></method><method name="moveTo" desc="(Ljava/lang/Number;Ljava/lang/Number;)Lse/alipsa/groovy/svg/utils/PathBuilder;" line="82"><counter type="INSTRUCTION" missed="0" covered="35"/><counter type="LINE" missed="0" covered="1"/><counter type="COMPLEXITY" missed="0" covered="1"/><counter type="METHOD" missed="0" covered="1"/></method><method name="moveToRel" desc="(Ljava/lang/Number;Ljava/lang/Number;)Lse/alipsa/groovy/svg/utils/PathBuilder;" line="92"><counter type="INSTRUCTION" missed="0" covered="35"/><counter type="LINE" missed="0" covered="1"/><counter type="COMPLEXITY" missed="0" covered="1"/><counter type="METHOD" missed="0" covered="1"/></method><method name="parse" desc="(Ljava/lang/String;)Lse/alipsa/groovy/svg/utils/PathBuilder;" line="108"><counter type="INSTRUCTION" missed="0" covered="5"/><counter type="LINE" missed="0" covered="1"/><counter type="COMPLEXITY" missed="0" covered="1"/><counter type="METHOD" missed="0" covered="1"/></method><method name="create" desc="()Lse/alipsa/groovy/svg/utils/PathBuilder;" line="116"><counter type="INSTRUCTION" missed="0" covered="4"/><counter type="LINE" missed="0" covered="1"/><counter type="COMPLEXITY" missed="0" covered="1"/><counter type="METHOD" missed="0" covered="1"/></method><method name="addCommand" desc="(Ljava/lang/String;)Lse/alipsa/groovy/svg/utils/PathBuilder;" line="127"><counter type="INSTRUCTION" missed="0" covered="7"/><counter type="LINE" missed="0" covered="2"/><counter type="COMPLEXITY" missed="0" covered="1"/><counter type="METHOD" missed="0" covered="1"/></method><method name="M" desc="(Ljava/lang/Number;Ljava/lang/Number;)Lse/alipsa/groovy/svg/utils/PathBuilder;" line="138"><counter type="INSTRUCTION" missed="0" covered="33"/><counter type="LINE" missed="0" covered="1"/><counter type="COMPLEXITY" missed="0" covered="1"/><counter type="METHOD" missed="0" covered="1"/></method><method name="m" desc="(Ljava/lang/Number;Ljava/lang/Number;)Lse/alipsa/groovy/svg/utils/PathBuilder;" line="148"><counter type="INSTRUCTION" missed="33" covered="0"/><counter type="LINE" missed="1" covered="0"/><counter type="COMPLEXITY" missed="1" covered="0"/><counter type="METHOD" missed="1" covered="0"/></method><method name="lineTo" desc="(Ljava/lang/Number;Ljava/lang/Number;)Lse/alipsa/groovy/svg/utils/PathBuilder;" line="158"><counter type="INSTRUCTION" missed="0" covered="33"/><counter type="LINE" missed="0" covered="1"/><counter type="COMPLEXITY" missed="0" covered="1"/><counter type="METHOD" missed="0" covered="1"/></method><method name="lineToRel" desc="(Ljava/lang/Number;Ljava/lang/Number;)Lse/alipsa/groovy/svg/utils/PathBuilder;" line="168"><counter type="INSTRUCTION" missed="0" covered="33"/><counter type="LINE" missed="0" covered="1"/><counter type="COMPLEXITY" missed="0" covered="1"/><counter type="METHOD" missed="0" covered="1"/></method><method name="L" desc="(Ljava/lang/Number;Ljava/lang/Number;)Lse/alipsa/groovy/svg/utils/PathBuilder;" line="178"><counter type="INSTRUCTION" missed="0" covered="5"/><counter type="LINE" missed="0" covered="1"/><counter type="COMPLEXITY" missed="0" covered="1"/><counter type="METHOD" missed="0" covered="1"/></method><method name="l" desc="(Ljava/lang/Number;Ljava/lang/Number;)Lse/alipsa/groovy/svg/utils/PathBuilder;" line="188"><counter type="INSTRUCTION" missed="5" covered="0"/><counter type="LINE" missed="1" covered="0"/><counter type="COMPLEXITY" missed="1" covered="0"/><counter type="METHOD" missed="1" covered="0"/></method><method name="horizontalTo" desc="(Ljava/lang/Number;)Lse/alipsa/groovy/svg/utils/PathBuilder;" line="197"><counter type="INSTRUCTION" missed="0" covered="24"/><counter type="LINE" missed="0" covered="1"/><counter type="COMPLEXITY" missed="0" covered="1"/><counter type="METHOD" missed="0" covered="1"/></method><method name="horizontalToRel" desc="(Ljava/lang/Number;)Lse/alipsa/groovy/svg/utils/PathBuilder;" line="206"><counter type="INSTRUCTION" missed="0" covered="24"/><counter type="LINE" missed="0" covered="1"/><counter type="COMPLEXITY" missed="0" covered="1"/><counter type="METHOD" missed="0" covered="1"/></method><method name="H" desc="(Ljava/lang/Number;)Lse/alipsa/groovy/svg/utils/PathBuilder;" line="215"><counter type="INSTRUCTION" missed="0" covered="4"/><counter type="LINE" missed="0" covered="1"/><counter type="COMPLEXITY" missed="0" covered="1"/><counter type="METHOD" missed="0" covered="1"/></method><method name="h" desc="(Ljava/lang/Number;)Lse/alipsa/groovy/svg/utils/PathBuilder;" line="224"><counter type="INSTRUCTION" missed="4" covered="0"/><counter type="LINE" missed="1" covered="0"/><counter type="COMPLEXITY" missed="1" covered="0"/><counter type="METHOD" missed="1" covered="0"/></method><method name="verticalTo" desc="(Ljava/lang/Number;)Lse/alipsa/groovy/svg/utils/PathBuilder;" line="233"><counter type="INSTRUCTION" missed="0" covered="24"/><counter type="LINE" missed="0" covered="1"/><counter type="COMPLEXITY" missed="0" covered="1"/><counter type="METHOD" missed="0" covered="1"/></method><method name="verticalToRel" desc="(Ljava/lang/Number;)Lse/alipsa/groovy/svg/utils/PathBuilder;" line="242"><counter type="INSTRUCTION" missed="0" covered="24"/><counter type="LINE" missed="0" covered="1"/><counter type="COMPLEXITY" missed="0" covered="1"/><counter type="METHOD" missed="0" covered="1"/></method><method name="V" desc="(Ljava/lang/Number;)Lse/alipsa/groovy/svg/utils/PathBuilder;" line="251"><counter type="INSTRUCTION" missed="0" covered="4"/><counter type="LINE" missed="0" covered="1"/><counter type="COMPLEXITY" missed="0" covered="1"/><counter type="METHOD" missed="0" covered="1"/></method><method name="v" desc="(Ljava/lang/Number;)Lse/alipsa/groovy/svg/utils/PathBuilder;" line="260"><counter type="INSTRUCTION" missed="4" covered="0"/><counter type="LINE" missed="1" covered="0"/><counter type="COMPLEXITY" missed="1" covered="0"/><counter type="METHOD" missed="1" covered="0"/></method><method name="curveTo" desc="(Ljava/lang/Number;Ljava/lang/Number;Ljava/lang/Number;Ljava/lang/Number;Ljava/lang/Number;Ljava/lang/Number;)Lse/alipsa/groovy/svg/utils/PathBuilder;" line="274"><counter type="INSTRUCTION" missed="0" covered="69"/><counter type="LINE" missed="0" covered="1"/><counter type="COMPLEXITY" missed="0" covered="1"/><counter type="METHOD" missed="0" covered="1"/></method><method name="curveToRel" desc="(Ljava/lang/Number;Ljava/lang/Number;Ljava/lang/Number;Ljava/lang/Number;Ljava/lang/Number;Ljava/lang/Number;)Lse/alipsa/groovy/svg/utils/PathBuilder;" line="288"><counter type="INSTRUCTION" missed="0" covered="69"/><counter type="LINE" missed="0" covered="1"/><counter type="COMPLEXITY" missed="0" covered="1"/><counter type="METHOD" missed="0" covered="1"/></method><method name="C" desc="(Ljava/lang/Number;Ljava/lang/Number;Ljava/lang/Number;Ljava/lang/Number;Ljava/lang/Number;Ljava/lang/Number;)Lse/alipsa/groovy/svg/utils/PathBuilder;" line="302"><counter type="INSTRUCTION" missed="0" covered="9"/><counter type="LINE" missed="0" covered="1"/><counter type="COMPLEXITY" missed="0" covered="1"/><counter type="METHOD" missed="0" covered="1"/></method><method name="c" desc="(Ljava/lang/Number;Ljava/lang/Number;Ljava/lang/Number;Ljava/lang/Number;Ljava/lang/Number;Ljava/lang/Number;)Lse/alipsa/groovy/svg/utils/PathBuilder;" line="316"><counter type="INSTRUCTION" missed="9" covered="0"/><counter type="LINE" missed="1" covered="0"/><counter type="COMPLEXITY" missed="1" covered="0"/><counter type="METHOD" missed="1" covered="0"/></method><method name="smoothCurveTo" desc="(Ljava/lang/Number;Ljava/lang/Number;Ljava/lang/Number;Ljava/lang/Number;)Lse/alipsa/groovy/svg/utils/PathBuilder;" line="328"><counter type="INSTRUCTION" missed="0" covered="51"/><counter type="LINE" missed="0" covered="1"/><counter type="COMPLEXITY" missed="0" covered="1"/><counter type="METHOD" missed="0" covered="1"/></method><method name="smoothCurveToRel" desc="(Ljava/lang/Number;Ljava/lang/Number;Ljava/lang/Number;Ljava/lang/Number;)Lse/alipsa/groovy/svg/utils/PathBuilder;" line="340"><counter type="INSTRUCTION" missed="0" covered="51"/><counter type="LINE" missed="0" covered="1"/><counter type="COMPLEXITY" missed="0" covered="1"/><counter type="METHOD" missed="0" covered="1"/></method><method name="S" desc="(Ljava/lang/Number;Ljava/lang/Number;Ljava/lang/Number;Ljava/lang/Number;)Lse/alipsa/groovy/svg/utils/PathBuilder;" line="352"><counter type="INSTRUCTION" missed="0" covered="7"/><counter type="LINE" missed="0" covered="1"/><counter type="COMPLEXITY" missed="0" covered="1"/><counter type="METHOD" missed="0" covered="1"/></method><method name="s" desc="(Ljava/lang/Number;Ljava/lang/Number;Ljava/lang/Number;Ljava/lang/Number;)Lse/alipsa/groovy/svg/utils/PathBuilder;" line="364"><counter type="INSTRUCTION" missed="7" covered="0"/><counter type="LINE" missed="1" covered="0"/><counter type="COMPLEXITY" missed="1" covered="0"/><counter type="METHOD" missed="1" covered="0"/></method><method name="quadTo" desc="(Ljava/lang/Number;Ljava/lang/Number;Ljava/lang/Number;Ljava/lang/Number;)Lse/alipsa/groovy/svg/utils/PathBuilder;" line="376"><counter type="INSTRUCTION" missed="0" covered="51"/><counter type="LINE" missed="0" covered="1"/><counter type="COMPLEXITY" missed="0" covered="1"/><counter type="METHOD" missed="0" covered="1"/></method><method name="quadToRel" desc="(Ljava/lang/Number;Ljava/lang/Number;Ljava/lang/Number;Ljava/lang/Number;)Lse/alipsa/groovy/svg/utils/PathBuilder;" line="388"><counter type="INSTRUCTION" missed="0" covered="51"/><counter type="LINE" missed="0" covered="1"/><counter type="COMPLEXITY" missed="0" covered="1"/><counter type="METHOD" missed="0" covered="1"/></method><method name="Q" desc="(Ljava/lang/Number;Ljava/lang/Number;Ljava/lang/Number;Ljava/lang/Number;)Lse/alipsa/groovy/svg/utils/PathBuilder;" line="400"><counter type="INSTRUCTION" missed="0" covered="7"/><counter type="LINE" missed="0" covered="1"/><counter type="COMPLEXITY" missed="0" covered="1"/><counter type="METHOD" missed="0" covered="1"/></method><method name="q" desc="(Ljava/lang/Number;Ljava/lang/Number;Ljava/lang/Number;Ljava/lang/Number;)Lse/alipsa/groovy/svg/utils/PathBuilder;" line="412"><counter type="INSTRUCTION" missed="7" covered="0"/><counter type="LINE" missed="1" covered="0"/><counter type="COMPLEXITY" missed="1" covered="0"/><counter type="METHOD" missed="1" covered="0"/></method><method name="smoothQuadTo" desc="(Ljava/lang/Number;Ljava/lang/Number;)Lse/alipsa/groovy/svg/utils/PathBuilder;" line="422"><counter type="INSTRUCTION" missed="0" covered="33"/><counter type="LINE" missed="0" covered="1"/><counter type="COMPLEXITY" missed="0" covered="1"/><counter type="METHOD" missed="0" covered="1"/></method><method name="smoothQuadToRel" desc="(Ljava/lang/Number;Ljava/lang/Number;)Lse/alipsa/groovy/svg/utils/PathBuilder;" line="432"><counter type="INSTRUCTION" missed="0" covered="33"/><counter type="LINE" missed="0" covered="1"/><counter type="COMPLEXITY" missed="0" covered="1"/><counter type="METHOD" missed="0" covered="1"/></method><method name="T" desc="(Ljava/lang/Number;Ljava/lang/Number;)Lse/alipsa/groovy/svg/utils/PathBuilder;" line="442"><counter type="INSTRUCTION" missed="0" covered="5"/><counter type="LINE" missed="0" covered="1"/><counter type="COMPLEXITY" missed="0" covered="1"/><counter type="METHOD" missed="0" covered="1"/></method><method name="t" desc="(Ljava/lang/Number;Ljava/lang/Number;)Lse/alipsa/groovy/svg/utils/PathBuilder;" line="452"><counter type="INSTRUCTION" missed="5" covered="0"/><counter type="LINE" missed="1" covered="0"/><counter type="COMPLEXITY" missed="1" covered="0"/><counter type="METHOD" missed="1" covered="0"/></method><method name="arc" desc="(Ljava/lang/Number;Ljava/lang/Number;Ljava/lang/Number;IILjava/lang/Number;Ljava/lang/Number;)Lse/alipsa/groovy/svg/utils/PathBuilder;" line="467"><counter type="INSTRUCTION" missed="0" covered="78"/><counter type="LINE" missed="0" covered="1"/><counter type="COMPLEXITY" missed="0" covered="1"/><counter type="METHOD" missed="0" covered="1"/></method><method name="arcRel" desc="(Ljava/lang/Number;Ljava/lang/Number;Ljava/lang/Number;IILjava/lang/Number;Ljava/lang/Number;)Lse/alipsa/groovy/svg/utils/PathBuilder;" line="482"><counter type="INSTRUCTION" missed="0" covered="78"/><counter type="LINE" missed="0" covered="1"/><counter type="COMPLEXITY" missed="0" covered="1"/><counter type="METHOD" missed="0" covered="1"/></method><method name="A" desc="(Ljava/lang/Number;Ljava/lang/Number;Ljava/lang/Number;IILjava/lang/Number;Ljava/lang/Number;)Lse/alipsa/groovy/svg/utils/PathBuilder;" line="497"><counter type="INSTRUCTION" missed="0" covered="10"/><counter type="LINE" missed="0" covered="1"/><counter type="COMPLEXITY" missed="0" covered="1"/><counter type="METHOD" missed="0" covered="1"/></method><method name="a" desc="(Ljava/lang/Number;Ljava/lang/Number;Ljava/lang/Number;IILjava/lang/Number;Ljava/lang/Number;)Lse/alipsa/groovy/svg/utils/PathBuilder;" line="512"><counter type="INSTRUCTION" missed="10" covered="0"/><counter type="LINE" missed="1" covered="0"/><counter type="COMPLEXITY" missed="1" covered="0"/><counter type="METHOD" missed="1" covered="0"/></method><method name="closePath" desc="()Lse/alipsa/groovy/svg/utils/PathBuilder;" line="520"><counter type="INSTRUCTION" missed="0" covered="4"/><counter type="LINE" missed="0" covered="1"/><counter type="COMPLEXITY" missed="0" covered="1"/><counter type="METHOD" missed="0" covered="1"/></method><method name="Z" desc="()Lse/alipsa/groovy/svg/utils/PathBuilder;" line="528"><counter type="INSTRUCTION" missed="0" covered="3"/><counter type="LINE" missed="0" covered="1"/><counter type="COMPLEXITY" missed="0" covered="1"/><counter type="METHOD" missed="0" covered="1"/></method><method name="z" desc="()Lse/alipsa/groovy/svg/utils/PathBuilder;" line="536"><counter type="INSTRUCTION" missed="0" covered="3"/><counter type="LINE" missed="0" covered="1"/><counter type="COMPLEXITY" missed="0" covered="1"/><counter type="METHOD" missed="0" covered="1"/></method><method name="toString" desc="()Ljava/lang/String;" line="547"><counter type="INSTRUCTION" missed="0" covered="5"/><counter type="LINE" missed="0" covered="1"/><counter type="COMPLEXITY" missed="0" covered="1"/><counter type="METHOD" missed="0" covered="1"/></method><method name="getCommands" desc="()Ljava/util/List;" line="555"><counter type="INSTRUCTION" missed="0" covered="6"/><counter type="LINE" missed="0" covered="1"/><counter type="COMPLEXITY" missed="0" covered="1"/><counter type="METHOD" missed="0" covered="1"/></method><method name="isEmpty" desc="()Z" line="563"><counter type="INSTRUCTION" missed="0" covered="4"/><counter type="LINE" missed="0" covered="1"/><counter type="COMPLEXITY" missed="0" covered="1"/><counter type="METHOD" missed="0" covered="1"/></method><method name="copy" desc="()Lse/alipsa/groovy/svg/utils/PathBuilder;" line="573"><counter type="INSTRUCTION" missed="0" covered="12"/><counter type="LINE" missed="0" covered="3"/><counter type="COMPLEXITY" missed="0" covered="1"/><counter type="METHOD" missed="0" covered="1"/></method><method name="equals" desc="(Ljava/lang/Object;)Z" line="580"><counter type="INSTRUCTION" missed="10" covered="26"/><counter type="BRANCH" missed="6" covered="6"/><counter type="LINE" missed="0" covered="4"/><counter type="COMPLEXITY" missed="6" covered="1"/><counter type="METHOD" missed="0" covered="1"/></method><method name="hashCode" desc="()I" line="588"><counter type="INSTRUCTION" missed="0" covered="4"/><counter type="LINE" missed="0" covered="1"/><counter type="COMPLEXITY" missed="0" covered="1"/><counter type="METHOD" missed="0" covered="1"/></method><counter type="INSTRUCTION" missed="95" covered="1017"/><counter type="BRANCH" missed="8" covered="14"/><counter type="LINE" missed="9" covered="52"/><counter type="COMPLEXITY" missed="17" covered="45"/><counter type="METHOD" missed="9" covered="42"/><counter type="CLASS" missed="0" covered="1"/></class><class name="se/alipsa/groovy/svg/utils/NumberFormatter" sourcefilename="NumberFormatter.groovy"><method name="format" desc="(Ljava/lang/Object;Ljava/lang/Integer;)Ljava/lang/String;" line="64"><counter type="INSTRUCTION" missed="10" covered="106"/><counter type="BRANCH" missed="7" covered="31"/><counter type="LINE" missed="1" covered="16"/><counter type="COMPLEXITY" missed="7" covered="13"/><counter type="METHOD" missed="0" covered="1"/></method><method name="setDefaultPrecision" desc="(I)V" line="115"><counter type="INSTRUCTION" missed="0" covered="49"/><counter type="BRANCH" missed="0" covered="10"/><counter type="LINE" missed="0" covered="4"/><counter type="COMPLEXITY" missed="0" covered="6"/><counter type="METHOD" missed="0" covered="1"/></method><method name="getDefaultPrecision" desc="()I" line="127"><counter type="INSTRUCTION" missed="0" covered="4"/><counter type="LINE" missed="0" covered="1"/><counter type="COMPLEXITY" missed="0" covered="1"/><counter type="METHOD" missed="0" covered="1"/></method><method name="resetPrecision" desc="()V" line="134"><counter type="INSTRUCTION" missed="0" covered="5"/><counter type="LINE" missed="0" covered="2"/><counter type="COMPLEXITY" missed="0" covered="1"/><counter type="METHOD" missed="0" covered="1"/></method><method name="&lt;clinit&gt;" desc="()V" line="50"><counter type="INSTRUCTION" missed="0" covered="9"/><counter type="LINE" missed="0" covered="1"/><counter type="COMPLEXITY" missed="0" covered="1"/><counter type="METHOD" missed="0" covered="1"/></method><counter type="INSTRUCTION" missed="10" covered="173"/><counter type="BRANCH" missed="7" covered="41"/><counter type="LINE" missed="1" covered="24"/><counter type="COMPLEXITY" missed="7" covered="22"/><counter type="METHOD" missed="0" covered="5"/><counter type="CLASS" missed="0" covered="1"/></class><sourcefile name="Color.groovy"><line nr="36" mi="0" ci="1182" mb="0" cb="0"/><line nr="88" mi="0" ci="13" mb="0" cb="0"/><line nr="89" mi="0" ci="7" mb="0" cb="0"/><line nr="90" mi="0" ci="7" mb="0" cb="0"/><line nr="91" mi="0" ci="7" mb="0" cb="0"/><line nr="92" mi="0" ci="10" mb="0" cb="0"/><line nr="93" mi="0" ci="1" mb="0" cb="0"/><line nr="104" mi="0" ci="7" mb="0" cb="0"/><line nr="117" mi="0" ci="8" mb="0" cb="0"/><line nr="128" mi="4" ci="9" mb="4" cb="4"/><line nr="129" mi="6" ci="0" mb="0" cb="0"/><line nr="132" mi="0" ci="3" mb="0" cb="0"/><line nr="133" mi="0" ci="4" mb="0" cb="2"/><line nr="134" mi="0" ci="4" mb="0" cb="0"/><line nr="137" mi="0" ci="6" mb="0" cb="0"/><line nr="138" mi="0" ci="2" mb="0" cb="0"/><line nr="140" mi="0" ci="4" mb="0" cb="0"/><line nr="141" mi="0" ci="5" mb="0" cb="2"/><line nr="142" mi="0" ci="10" mb="0" cb="0"/><line nr="143" mi="0" ci="10" mb="0" cb="0"/><line nr="144" mi="0" ci="10" mb="0" cb="0"/><line nr="145" mi="3" ci="1" mb="0" cb="0"/><line nr="146" mi="0" ci="5" mb="0" cb="2"/><line nr="147" mi="0" ci="7" mb="0" cb="0"/><line nr="148" mi="0" ci="7" mb="0" cb="0"/><line nr="149" mi="0" ci="7" mb="0" cb="0"/><line nr="150" mi="3" ci="1" mb="0" cb="0"/><line nr="151" mi="0" ci="5" mb="1" cb="1"/><line nr="152" mi="0" ci="7" mb="0" cb="0"/><line nr="153" mi="0" ci="7" mb="0" cb="0"/><line nr="154" mi="0" ci="7" mb="0" cb="0"/><line nr="155" mi="0" ci="11" mb="0" cb="0"/><line nr="156" mi="0" ci="1" mb="0" cb="0"/><line nr="158" mi="25" ci="0" mb="0" cb="0"/><line nr="161" mi="0" ci="8" mb="0" cb="0"/><line nr="173" mi="0" ci="7" mb="0" cb="0"/><line nr="187" mi="0" ci="15" mb="0" cb="0"/><line nr="188" mi="0" ci="11" mb="0" cb="0"/><line nr="189" mi="0" ci="11" mb="0" cb="0"/><line nr="191" mi="0" ci="14" mb="0" cb="0"/><line nr="192" mi="0" ci="19" mb="0" cb="0"/><line nr="193" mi="0" ci="7" mb="0" cb="0"/><line nr="195" mi="0" ci="6" mb="0" cb="0"/><line nr="196" mi="0" ci="9" mb="0" cb="4"/><line nr="197" mi="0" ci="8" mb="0" cb="0"/><line nr="198" mi="2" ci="7" mb="2" cb="2"/><line nr="199" mi="8" ci="0" mb="0" cb="0"/><line nr="200" mi="0" ci="9" mb="0" cb="4"/><line nr="201" mi="0" ci="8" mb="0" cb="0"/><line nr="202" mi="2" ci="7" mb="2" cb="2"/><line nr="203" mi="8" ci="0" mb="0" cb="0"/><line nr="204" mi="1" ci="8" mb="2" cb="2"/><line nr="205" mi="0" ci="8" mb="0" cb="0"/><line nr="207" mi="7" ci="0" mb="0" cb="0"/><line nr="210" mi="0" ci="9" mb="0" cb="0"/><line nr="211" mi="0" ci="9" mb="0" cb="0"/><line nr="212" mi="0" ci="9" mb="0" cb="0"/><line nr="214" mi="0" ci="8" mb="0" cb="0"/><line nr="224" mi="0" ci="6" mb="0" cb="0"/><line nr="225" mi="0" ci="6" mb="0" cb="4"/><line nr="226" mi="0" ci="25" mb="0" cb="0"/><line nr="228" mi="0" ci="3" mb="0" cb="0"/><line nr="239" mi="4" ci="9" mb="4" cb="4"/><line nr="240" mi="6" ci="0" mb="0" cb="0"/><line nr="243" mi="0" ci="4" mb="0" cb="0"/><line nr="246" mi="0" ci="4" mb="0" cb="2"/><line nr="247" mi="0" ci="3" mb="0" cb="0"/><line nr="251" mi="0" ci="4" mb="0" cb="2"/><line nr="252" mi="0" ci="5" mb="0" cb="0"/><line nr="253" mi="0" ci="3" mb="1" cb="1"/><line nr="254" mi="0" ci="8" mb="0" cb="0"/><line nr="255" mi="0" ci="8" mb="0" cb="0"/><line nr="256" mi="0" ci="8" mb="0" cb="0"/><line nr="257" mi="0" ci="4" mb="0" cb="0"/><line nr="258" mi="0" ci="2" mb="0" cb="0"/><line nr="259" mi="0" ci="8" mb="0" cb="4"/><line nr="260" mi="0" ci="6" mb="0" cb="0"/><line nr="262" mi="0" ci="8" mb="0" cb="0"/><line nr="267" mi="0" ci="4" mb="0" cb="2"/><line nr="268" mi="0" ci="5" mb="0" cb="0"/><line nr="269" mi="0" ci="3" mb="1" cb="1"/><line nr="270" mi="0" ci="8" mb="0" cb="0"/><line nr="271" mi="0" ci="8" mb="0" cb="0"/><line nr="272" mi="0" ci="8" mb="0" cb="0"/><line nr="273" mi="0" ci="4" mb="0" cb="0"/><line nr="274" mi="0" ci="2" mb="0" cb="0"/><line nr="275" mi="0" ci="8" mb="0" cb="4"/><line nr="276" mi="0" ci="6" mb="0" cb="0"/><line nr="278" mi="0" ci="6" mb="0" cb="0"/><line nr="283" mi="0" ci="4" mb="1" cb="1"/><line nr="284" mi="0" ci="3" mb="0" cb="0"/><line nr="287" mi="25" ci="0" mb="0" cb="0"/><line nr="297" mi="0" ci="11" mb="0" cb="0"/><line nr="307" mi="0" ci="7" mb="0" cb="0"/><line nr="308" mi="0" ci="5" mb="0" cb="0"/><line nr="309" mi="0" ci="2" mb="0" cb="0"/><line nr="310" mi="0" ci="6" mb="0" cb="0"/><line nr="311" mi="0" ci="6" mb="0" cb="0"/><line nr="312" mi="0" ci="10" mb="0" cb="0"/><line nr="324" mi="0" ci="7" mb="0" cb="0"/><line nr="325" mi="0" ci="2" mb="0" cb="0"/><line nr="326" mi="0" ci="12" mb="0" cb="0"/><line nr="327" mi="0" ci="12" mb="0" cb="0"/><line nr="328" mi="0" ci="16" mb="0" cb="0"/><line nr="341" mi="0" ci="7" mb="0" cb="0"/><line nr="342" mi="0" ci="2" mb="0" cb="0"/><line nr="343" mi="0" ci="13" mb="0" cb="0"/><line nr="344" mi="0" ci="13" mb="0" cb="0"/><line nr="345" mi="0" ci="13" mb="0" cb="0"/><line nr="346" mi="0" ci="12" mb="0" cb="0"/><line nr="357" mi="0" ci="23" mb="0" cb="0"/><line nr="358" mi="0" ci="2" mb="0" cb="2"/><line nr="359" mi="0" ci="18" mb="0" cb="0"/><line nr="361" mi="0" ci="2" mb="0" cb="0"/><line nr="370" mi="0" ci="6" mb="0" cb="2"/><line nr="371" mi="3" ci="53" mb="0" cb="0"/><line nr="373" mi="0" ci="43" mb="0" cb="0"/><line nr="383" mi="0" ci="7" mb="0" cb="0"/><line nr="384" mi="0" ci="7" mb="0" cb="0"/><line nr="385" mi="0" ci="7" mb="0" cb="0"/><line nr="387" mi="0" ci="6" mb="0" cb="0"/><line nr="388" mi="0" ci="6" mb="0" cb="0"/><line nr="389" mi="0" ci="4" mb="0" cb="0"/><line nr="391" mi="0" ci="11" mb="0" cb="0"/><line nr="393" mi="1" ci="8" mb="2" cb="2"/><line nr="394" mi="9" ci="11" mb="1" cb="1"/><line nr="396" mi="1" ci="7" mb="2" cb="2"/><line nr="397" mi="4" ci="19" mb="2" cb="2"/><line nr="398" mi="8" ci="0" mb="4" cb="0"/><line nr="399" mi="13" ci="0" mb="0" cb="0"/><line nr="401" mi="12" ci="0" mb="0" cb="0"/><line nr="405" mi="0" ci="7" mb="0" cb="0"/><line nr="406" mi="0" ci="7" mb="0" cb="0"/><line nr="407" mi="0" ci="7" mb="0" cb="0"/><line nr="409" mi="0" ci="6" mb="0" cb="2"/><line nr="410" mi="3" ci="50" mb="0" cb="0"/><line nr="412" mi="0" ci="40" mb="0" cb="0"/><line nr="424" mi="0" ci="6" mb="0" cb="2"/><line nr="425" mi="3" ci="3" mb="0" cb="0"/><line nr="427" mi="0" ci="3" mb="0" cb="0"/><line nr="436" mi="0" ci="3" mb="0" cb="0"/><line nr="443" mi="0" ci="3" mb="0" cb="0"/><line nr="450" mi="0" ci="3" mb="0" cb="0"/><line nr="457" mi="0" ci="3" mb="0" cb="0"/><line nr="463" mi="0" ci="9" mb="0" cb="4"/><line nr="464" mi="0" ci="9" mb="0" cb="4"/><line nr="465" mi="0" ci="2" mb="0" cb="0"/><line nr="472" mi="0" ci="10" mb="0" cb="4"/><line nr="473" mi="0" ci="10" mb="0" cb="4"/><line nr="474" mi="0" ci="2" mb="0" cb="0"/><line nr="479" mi="4" ci="5" mb="2" cb="2"/><line nr="480" mi="0" ci="3" mb="0" cb="0"/><line nr="481" mi="0" ci="9" mb="0" cb="4"/><line nr="482" mi="1" ci="12" mb="2" cb="4"/><line nr="483" mi="1" ci="12" mb="2" cb="4"/><line nr="484" mi="0" ci="14" mb="1" cb="1"/><line nr="489" mi="0" ci="3" mb="0" cb="0"/><line nr="490" mi="0" ci="7" mb="0" cb="0"/><line nr="491" mi="0" ci="7" mb="0" cb="0"/><line nr="492" mi="0" ci="11" mb="0" cb="0"/><line nr="493" mi="0" ci="2" mb="0" cb="0"/><counter type="INSTRUCTION" missed="167" covered="2430"/><counter type="BRANCH" missed="36" covered="96"/><counter type="LINE" missed="10" covered="151"/><counter type="COMPLEXITY" missed="34" covered="57"/><counter type="METHOD" missed="0" covered="25"/><counter type="CLASS" missed="0" covered="1"/></sourcefile><sourcefile name="ViewBox.groovy"><line nr="67" mi="0" ci="3" mb="0" cb="0"/><line nr="68" mi="0" ci="3" mb="0" cb="0"/><line nr="70" mi="0" ci="9" mb="0" cb="4"/><line nr="71" mi="0" ci="26" mb="0" cb="0"/><line nr="73" mi="0" ci="9" mb="0" cb="4"/><line nr="74" mi="0" ci="26" mb="0" cb="0"/><line nr="77" mi="0" ci="10" mb="0" cb="0"/><line nr="87" mi="0" ci="14" mb="0" cb="8"/><line nr="88" mi="0" ci="6" mb="0" cb="0"/><line nr="92" mi="0" ci="5" mb="0" cb="0"/><line nr="94" mi="0" ci="8" mb="0" cb="4"/><line nr="95" mi="0" ci="25" mb="0" cb="0"/><line nr="99" mi="0" ci="6" mb="0" cb="0"/><line nr="100" mi="0" ci="6" mb="0" cb="0"/><line nr="101" mi="0" ci="6" mb="0" cb="0"/><line nr="102" mi="0" ci="6" mb="0" cb="0"/><line nr="104" mi="1" ci="14" mb="0" cb="0"/><line nr="106" mi="30" ci="0" mb="0" cb="0"/><line nr="120" mi="0" ci="3" mb="0" cb="0"/><line nr="121" mi="0" ci="9" mb="0" cb="4"/><line nr="122" mi="0" ci="26" mb="0" cb="0"/><line nr="124" mi="0" c
[...]
red="1"/><counter type="COMPLEXITY" missed="0" covered="1"/><counter type="METHOD" missed="0" covered="1"/></method><method name="&lt;clinit&gt;" desc="()V"><counter type="INSTRUCTION" missed="0" covered="2"/><counter type="COMPLEXITY" missed="0" covered="1"/><counter type="METHOD" missed="0" covered="1"/></method><counter type="INSTRUCTION" missed="0" covered="14"/><counter type="LINE" missed="0" covered="1"/><counter type="COMPLEXITY" missed="0" covered="3"/><counter type="METHOD" missed="0" covered="3"/><counter type="CLASS" missed="0" covered="1"/></class><class name="se/alipsa/groovy/svg/validation/ValidationEngine" sourcefilename="ValidationEngine.groovy"><method name="&lt;init&gt;" desc="()V" line="26"><counter type="INSTRUCTION" missed="0" covered="14"/><counter type="LINE" missed="0" covered="3"/><counter type="COMPLEXITY" missed="0" covered="1"/><counter type="METHOD" missed="0" covered="1"/></method><method name="createDefault" desc="()Lse/alipsa/groovy/svg/validation/ValidationEngine;" line="51"><counter type="INSTRUCTION" missed="0" covered="48"/><counter type="LINE" missed="0" covered="9"/><counter type="COMPLEXITY" missed="0" covered="1"/><counter type="METHOD" missed="0" covered="1"/></method><method name="createAccessibility" desc="()Lse/alipsa/groovy/svg/validation/ValidationEngine;" line="70"><counter type="INSTRUCTION" missed="0" covered="12"/><counter type="LINE" missed="0" covered="3"/><counter type="COMPLEXITY" missed="0" covered="1"/><counter type="METHOD" missed="0" covered="1"/></method><method name="addRule" desc="(Lse/alipsa/groovy/svg/validation/ValidationRule;)Lse/alipsa/groovy/svg/validation/ValidationEngine;" line="83"><counter type="INSTRUCTION" missed="0" covered="30"/><counter type="BRANCH" missed="0" covered="4"/><counter type="LINE" missed="0" covered="3"/><counter type="COMPLEXITY" missed="0" covered="3"/><counter type="METHOD" missed="0" covered="1"/></method><method name="removeRule" desc="(Ljava/lang/String;)Lse/alipsa/groovy/svg/validation/ValidationEngine;" line="96"><counter type="INSTRUCTION" missed="0" covered="7"/><counter type="LINE" missed="0" covered="2"/><counter type="COMPLEXITY" missed="0" covered="1"/><counter type="METHOD" missed="0" covered="1"/></method><method name="getRules" desc="()Ljava/util/Collection;" line="106"><counter type="INSTRUCTION" missed="0" covered="5"/><counter type="LINE" missed="0" covered="1"/><counter type="COMPLEXITY" missed="0" covered="1"/><counter type="METHOD" missed="0" covered="1"/></method><method name="getRule" desc="(Ljava/lang/String;)Lse/alipsa/groovy/svg/validation/ValidationRule;" line="116"><counter type="INSTRUCTION" missed="0" covered="6"/><counter type="LINE" missed="0" covered="1"/><counter type="COMPLEXITY" missed="0" covered="1"/><counter type="METHOD" missed="0" covered="1"/></method><method name="validate" desc="(Lse/alipsa/groovy/svg/SvgElement;)Lse/alipsa/groovy/svg/validation/ValidationReport;" line="128"><counter type="INSTRUCTION" missed="0" covered="18"/><counter type="BRANCH" missed="0" covered="4"/><counter type="LINE" missed="0" covered="4"/><counter type="COMPLEXITY" missed="0" covered="3"/><counter type="METHOD" missed="0" covered="1"/></method><method name="validate" desc="(Lse/alipsa/groovy/svg/Svg;)Lse/alipsa/groovy/svg/validation/ValidationReport;" line="142"><counter type="INSTRUCTION" missed="0" covered="5"/><counter type="LINE" missed="0" covered="1"/><counter type="COMPLEXITY" missed="0" covered="1"/><counter type="METHOD" missed="0" covered="1"/></method><method name="validateRecursive" desc="(Lse/alipsa/groovy/svg/SvgElement;Lse/alipsa/groovy/svg/validation/ValidationReport;)V" line="147"><counter type="INSTRUCTION" missed="0" covered="37"/><counter type="LINE" missed="0" covered="3"/><counter type="COMPLEXITY" missed="0" covered="1"/><counter type="METHOD" missed="0" covered="1"/></method><counter type="INSTRUCTION" missed="0" covered="182"/><counter type="BRANCH" missed="0" covered="8"/><counter type="LINE" missed="0" covered="30"/><counter type="COMPLEXITY" missed="0" covered="14"/><counter type="METHOD" missed="0" covered="10"/><counter type="CLASS" missed="0" covered="1"/></class><class name="se/alipsa/groovy/svg/validation/ValidationLevel" sourcefilename="ValidationLevel.groovy"><method name="&lt;clinit&gt;" desc="()V"><counter type="INSTRUCTION" missed="0" covered="59"/><counter type="COMPLEXITY" missed="0" covered="1"/><counter type="METHOD" missed="0" covered="1"/></method><counter type="INSTRUCTION" missed="0" covered="59"/><counter type="COMPLEXITY" missed="0" covered="1"/><counter type="METHOD" missed="0" covered="1"/><counter type="CLASS" missed="0" covered="1"/></class><class name="se/alipsa/groovy/svg/validation/ValidationRule" sourcefilename="ValidationRule.groovy"/><class name="se/alipsa/groovy/svg/validation/ValidationReport$_getWarnings_closure2" sourcefilename="ValidationReport.groovy"><method name="&lt;init&gt;" desc="(Ljava/lang/Object;Ljava/lang/Object;)V"><counter type="INSTRUCTION" missed="0" covered="5"/><counter type="COMPLEXITY" missed="0" covered="1"/><counter type="METHOD" missed="0" covered="1"/></method><method name="doCall" desc="(Ljava/lang/Object;)Ljava/lang/Boolean;" line="64"><counter type="INSTRUCTION" missed="0" covered="7"/><counter type="LINE" missed="0" covered="1"/><counter type="COMPLEXITY" missed="0" covered="1"/><counter type="METHOD" missed="0" covered="1"/></method><method name="&lt;clinit&gt;" desc="()V"><counter type="INSTRUCTION" missed="0" covered="2"/><counter type="COMPLEXITY" missed="0" covered="1"/><counter type="METHOD" missed="0" covered="1"/></method><counter type="INSTRUCTION" missed="0" covered="14"/><counter type="LINE" missed="0" covered="1"/><counter type="COMPLEXITY" missed="0" covered="3"/><counter type="METHOD" missed="0" covered="3"/><counter type="CLASS" missed="0" covered="1"/></class><class name="se/alipsa/groovy/svg/validation/ValidationReport" sourcefilename="ValidationReport.groovy"><method name="addIssue" desc="(Lse/alipsa/groovy/svg/validation/ValidationIssue;)Lse/alipsa/groovy/svg/validation/ValidationReport;" line="34"><counter type="INSTRUCTION" missed="3" covered="12"/><counter type="BRANCH" missed="2" covered="2"/><counter type="LINE" missed="0" covered="3"/><counter type="COMPLEXITY" missed="2" covered="1"/><counter type="METHOD" missed="0" covered="1"/></method><method name="getAllIssues" desc="()Ljava/util/List;" line="46"><counter type="INSTRUCTION" missed="0" covered="4"/><counter type="LINE" missed="0" covered="1"/><counter type="COMPLEXITY" missed="0" covered="1"/><counter type="METHOD" missed="0" covered="1"/></method><method name="getErrors" desc="()Ljava/util/List;" line="55"><counter type="INSTRUCTION" missed="0" covered="10"/><counter type="LINE" missed="0" covered="1"/><counter type="COMPLEXITY" missed="0" covered="1"/><counter type="METHOD" missed="0" covered="1"/></method><method name="getWarnings" desc="()Ljava/util/List;" line="64"><counter type="INSTRUCTION" missed="0" covered="10"/><counter type="LINE" missed="0" covered="1"/><counter type="COMPLEXITY" missed="0" covered="1"/><counter type="METHOD" missed="0" covered="1"/></method><method name="getInfo" desc="()Ljava/util/List;" line="73"><counter type="INSTRUCTION" missed="0" covered="10"/><counter type="LINE" missed="0" covered="1"/><counter type="COMPLEXITY" missed="0" covered="1"/><counter type="METHOD" missed="0" covered="1"/></method><method name="hasErrors" desc="()Z" line="82"><counter type="INSTRUCTION" missed="0" covered="9"/><counter type="LINE" missed="0" covered="1"/><counter type="COMPLEXITY" missed="0" covered="1"/><counter type="METHOD" missed="0" covered="1"/></method><method name="hasWarnings" desc="()Z" line="91"><counter type="INSTRUCTION" missed="0" covered="9"/><counter type="LINE" missed="0" covered="1"/><counter type="COMPLEXITY" missed="0" covered="1"/><counter type="METHOD" missed="0" covered="1"/></method><method name="hasIssues" desc="()Z" line="100"><counter type="INSTRUCTION" missed="0" covered="8"/><counter type="BRANCH" missed="0" covered="2"/><counter type="LINE" missed="0" covered="1"/><counter type="COMPLEXITY" missed="0" covered="2"/><counter type="METHOD" missed="0" covered="1"/></method><method name="isValid" desc="()Z" line="110"><counter type="INSTRUCTION" missed="0" covered="7"/><counter type="BRANCH" missed="0" covered="2"/><counter type="LINE" missed="0" covered="1"/><counter type="COMPLEXITY" missed="0" covered="2"/><counter type="METHOD" missed="0" covered="1"/></method><method name="size" desc="()I" line="119"><counter type="INSTRUCTION" missed="0" covered="4"/><counter type="LINE" missed="0" covered="1"/><counter type="COMPLEXITY" missed="0" covered="1"/><counter type="METHOD" missed="0" covered="1"/></method><method name="getErrorCount" desc="()I" line="128"><counter type="INSTRUCTION" missed="0" covered="4"/><counter type="LINE" missed="0" covered="1"/><counter type="COMPLEXITY" missed="0" covered="1"/><counter type="METHOD" missed="0" covered="1"/></method><method name="getWarningCount" desc="()I" line="137"><counter type="INSTRUCTION" missed="0" covered="4"/><counter type="LINE" missed="0" covered="1"/><counter type="COMPLEXITY" missed="0" covered="1"/><counter type="METHOD" missed="0" covered="1"/></method><method name="getInfoCount" desc="()I" line="146"><counter type="INSTRUCTION" missed="0" covered="4"/><counter type="LINE" missed="0" covered="1"/><counter type="COMPLEXITY" missed="0" covered="1"/><counter type="METHOD" missed="0" covered="1"/></method><method name="clear" desc="()V" line="153"><counter type="INSTRUCTION" missed="0" covered="4"/><counter type="LINE" missed="0" covered="2"/><counter type="COMPLEXITY" missed="0" covered="1"/><counter type="METHOD" missed="0" covered="1"/></method><method name="toString" desc="()Ljava/lang/String;" line="158"><counter type="INSTRUCTION" missed="37" covered="107"/><counter type="BRANCH" missed="18" covered="10"/><counter type="LINE" missed="2" covered="17"/><counter type="COMPLEXITY" missed="13" covered="2"/><counter type="METHOD" missed="0" covered="1"/></method><counter type="INSTRUCTION" missed="40" covered="206"/><counter type="BRANCH" missed="20" covered="16"/><counter type="LINE" missed="2" covered="34"/><counter type="COMPLEXITY" missed="15" covered="18"/><counter type="METHOD" missed="0" covered="15"/><counter type="CLASS" missed="0" covered="1"/></class><class name="se/alipsa/groovy/svg/validation/ValidationEngine$_validateRecursive_closure2" sourcefilename="ValidationEngine.groovy"><method name="&lt;init&gt;" desc="(Ljava/lang/Object;Ljava/lang/Object;Lgroovy/lang/Reference;)V"><counter type="INSTRUCTION" missed="0" covered="9"/><counter type="COMPLEXITY" missed="0" covered="1"/><counter type="METHOD" missed="0" covered="1"/></method><method name="doCall" desc="(Ljava/lang/Object;)Ljava/lang/Object;" line="163"><counter type="INSTRUCTION" missed="2" covered="15"/><counter type="BRANCH" missed="1" covered="1"/><counter type="LINE" missed="1" covered="2"/><counter type="COMPLEXITY" missed="1" covered="1"/><counter type="METHOD" missed="0" covered="1"/></method><method name="&lt;clinit&gt;" desc="()V"><counter type="INSTRUCTION" missed="0" covered="2"/><counter type="COMPLEXITY" missed="0" covered="1"/><counter type="METHOD" missed="0" covered="1"/></method><counter type="INSTRUCTION" missed="2" covered="26"/><counter type="BRANCH" missed="1" covered="1"/><counter type="LINE" missed="1" covered="2"/><counter type="COMPLEXITY" missed="1" covered="3"/><counter type="METHOD" missed="0" covered="3"/><counter type="CLASS" missed="0" covered="1"/></class><class name="se/alipsa/groovy/svg/validation/ValidationEngine$_validateRecursive_closure1" sourcefilename="ValidationEngine.groovy"><method name="&lt;init&gt;" desc="(Ljava/lang/Object;Ljava/lang/Object;Lgroovy/lang/Reference;Lgroovy/lang/Reference;)V"><counter type="INSTRUCTION" missed="0" covered="13"/><counter type="COMPLEXITY" missed="0" covered="1"/><counter type="METHOD" missed="0" covered="1"/></method><method name="doCall" desc="(Ljava/lang/Object;)Lse/alipsa/groovy/svg/validation/ValidationReport;" line="149"><counter type="INSTRUCTION" missed="4" covered="73"/><counter type="LINE" missed="0" covered="5"/><counter type="COMPLEXITY" missed="0" covered="1"/><counter type="METHOD" missed="0" covered="1"/></method><method name="&lt;clinit&gt;" desc="()V"><counter type="INSTRUCTION" missed="0" covered="2"/><counter type="COMPLEXITY" missed="0" covered="1"/><counter type="METHOD" missed="0" covered="1"/></method><counter type="INSTRUCTION" missed="4" covered="88"/><counter type="LINE" missed="0" covered="5"/><counter type="COMPLEXITY" missed="0" covered="3"/><counter type="METHOD" missed="0" covered="3"/><counter type="CLASS" missed="0" covered="1"/></class><class name="se/alipsa/groovy/svg/validation/ValidationReport$_toString_closure6" sourcefilename="ValidationReport.groovy"><method name="&lt;init&gt;" desc="(Ljava/lang/Object;Ljava/lang/Object;Lgroovy/lang/Reference;)V"><counter type="INSTRUCTION" missed="0" covered="9"/><counter type="COMPLEXITY" missed="0" covered="1"/><counter type="METHOD" missed="0" covered="1"/></method><method name="doCall" desc="(Ljava/lang/Object;)Ljava/lang/StringBuilder;" line="183"><counter type="INSTRUCTION" missed="0" covered="13"/><counter type="LINE" missed="0" covered="1"/><counter type="COMPLEXITY" missed="0" covered="1"/><counter type="METHOD" missed="0" covered="1"/></method><method name="&lt;clinit&gt;" desc="()V"><counter type="INSTRUCTION" missed="0" covered="2"/><counter type="COMPLEXITY" missed="0" covered="1"/><counter type="METHOD" missed="0" covered="1"/></method><counter type="INSTRUCTION" missed="0" covered="24"/><counter type="LINE" missed="0" covered="1"/><counter type="COMPLEXITY" missed="0" covered="3"/><counter type="METHOD" missed="0" covered="3"/><counter type="CLASS" missed="0" covered="1"/></class><sourcefile name="ValidationLevel.groovy"><counter type="INSTRUCTION" missed="0" covered="59"/><counter type="COMPLEXITY" missed="0" covered="1"/><counter type="METHOD" missed="0" covered="1"/><counter type="CLASS" missed="0" covered="1"/></sourcefile><sourcefile name="ValidationRule.groovy"/><sourcefile name="ValidationIssue.groovy"><line nr="51" mi="0" ci="7" mb="0" cb="0"/><line nr="52" mi="0" ci="4" mb="0" cb="0"/><line nr="53" mi="0" ci="4" mb="0" cb="0"/><line nr="54" mi="0" ci="4" mb="0" cb="0"/><line nr="55" mi="0" ci="4" mb="0" cb="0"/><line nr="56" mi="0" ci="4" mb="0" cb="0"/><line nr="57" mi="0" ci="1" mb="0" cb="0"/><line nr="69" mi="0" ci="9" mb="0" cb="0"/><line nr="82" mi="0" ci="9" mb="0" cb="0"/><line nr="95" mi="0" ci="9" mb="0" cb="0"/><line nr="100" mi="0" ci="4" mb="0" cb="0"/><line nr="101" mi="0" ci="6" mb="0" cb="0"/><line nr="102" mi="3" ci="6" mb="2" cb="2"/><line nr="103" mi="0" ci="9" mb="0" cb="0"/><line nr="105" mi="0" ci="7" mb="0" cb="0"/><line nr="106" mi="3" ci="6" mb="2" cb="2"/><line nr="107" mi="0" ci="9" mb="0" cb="0"/><line nr="109" mi="0" ci="3" mb="0" cb="0"/><counter type="INSTRUCTION" missed="6" covered="105"/><counter type="BRANCH" missed="4" covered="4"/><counter type="LINE" missed="0" covered="18"/><counter type="COMPLEXITY" missed="4" covered="5"/><counter type="METHOD" missed="0" covered="5"/><counter type="CLASS" missed="0" covered="1"/></sourcefile><sourcefile name="ValidationReport.groovy"><line nr="34" mi="3" ci="5" mb="2" cb="2"/><line nr="35" mi="0" ci="5" mb="0" cb="0"/><line nr="37" mi="0" ci="2" mb="0" cb="0"/><line nr="46" mi="0" ci="4" mb="0" cb="0"/><line nr="55" mi="0" ci="17" mb="0" cb="0"/><line nr="64" mi="0" ci="17" mb="0" cb="0"/><line nr="73" mi="0" ci="17" mb="0" cb="0"/><line nr="82" mi="0" ci="16" mb="0" cb="0"/><line nr="91" mi="0" ci="16" mb="0" cb="0"/><line nr="100" mi="0" ci="8" mb="0" cb="2"/><line nr="110" mi="0" ci="7" mb="0" cb="2"/><line nr="119" mi="0" ci="4" mb="0" cb="0"/><line nr="128" mi="0" ci="4" mb="0" cb="0"/><line nr="137" mi="0" ci="4" mb="0" cb="0"/><line nr="146" mi="0" ci="4" mb="0" cb="0"/><line nr="153" mi="0" ci="3" mb="0" cb="0"/><line nr="154" mi="0" ci="1" mb="0" cb="0"/><line nr="158" mi="0" ci="4" mb="0" cb="2"/><line nr="159" mi="0" ci="2" mb="0" cb="0"/><line nr="162" mi="0" ci="8" mb="0" cb="0"/><line nr="163" mi="0" ci="5" mb="0" cb="0"/><line nr="164" mi="0" ci="7" mb="0" cb="0"/><line nr="166" mi="0" ci="3" mb="0" cb="0"/><line nr="167" mi="0" ci="3" mb="0" cb="0"/><line nr="168" mi="0" ci="3" mb="0" cb="0"/><line nr="170" mi="0" ci="6" mb="0" cb="0"/><line nr="171" mi="1" ci="14" mb="2" cb="2"/><line nr="172" mi="1" ci="6" mb="2" cb="2"/><line nr="173" mi="1" ci="12" mb="2" cb="2"/><line nr="174" mi="0" ci="8" mb="0" cb="0"/><line nr="176" mi="2" ci="5" mb="2" cb="2"/><line nr="177" mi="24" ci="0" mb="10" cb="0"/><line nr="178" mi="8" ci="0" mb="0" cb="0"/><line nr="180" mi="0" ci="6" mb="0" cb="0"/><line nr="182" mi="0" ci="10" mb="0" cb="0"/><line nr="183" mi="0" ci="13" mb="0" cb="0"/><line nr="186" mi="0" ci="5" mb="0" cb="0"/><counter type="INSTRUCTION" missed="40" covered="300"/><counter type="BRANCH" missed="20" covered="16"/><counter type="LINE" missed="2" covered="35"/><counter type="COMPLEXITY" missed="15" covered="36"/><counter type="METHOD" missed="0" covered="33"/><counter type="CLASS" missed="0" covered="7"/></sourcefile><sourcefile name="ValidationEngine.groovy"><line nr="26" mi="0" ci="11" mb="0" cb="0"/><line nr="31" mi="0" ci="2" mb="0" cb="0"/><line nr="32" mi="0" ci="1" mb="0" cb="0"/><line nr="51" mi="0" ci="4" mb="0" cb="0"/><line nr="52" mi="0" ci="6" mb="0" cb="0"/><line nr="53" mi="0" ci="6" mb="0" cb="0"/><line nr="54" mi="0" ci="6" mb="0" cb="0"/><line nr="55" mi="0" ci="6" mb="0" cb="0"/><line nr="56" mi="0" ci="6" mb="0" cb="0"/><line nr="57" mi="0" ci="6" mb="0" cb="0"/><line nr="58" mi="0" ci="6" mb="0" cb="0"/><line nr="59" mi="0" ci="2" mb="0" cb="0"/><line nr="70" mi="0" ci="4" mb="0" cb="0"/><line nr="71" mi="0" ci="6" mb="0" cb="0"/><line nr="72" mi="0" ci="2" mb="0" cb="0"/><line nr="83" mi="0" ci="8" mb="0" cb="4"/><line nr="84" mi="0" ci="20" mb="0" cb="0"/><line nr="86" mi="0" ci="2" mb="0" cb="0"/><line nr="96" mi="0" ci="5" mb="0" cb="0"/><line nr="97" mi="0" ci="2" mb="0" cb="0"/><line nr="106" mi="0" ci="5" mb="0" cb="0"/><line nr="116" mi="0" ci="6" mb="0" cb="0"/><line nr="128" mi="0" ci="4" mb="0" cb="0"/><line nr="129" mi="0" ci="8" mb="0" cb="4"/><line nr="130" mi="0" ci="4" mb="0" cb="0"/><line nr="132" mi="0" ci="2" mb="0" cb="0"/><line nr="142" mi="0" ci="5" mb="0" cb="0"/><line nr="147" mi="0" ci="12" mb="0" cb="0"/><line nr="149" mi="0" ci="19" mb="0" cb="0"/><line nr="152" mi="0" ci="10" mb="0" cb="0"/><line nr="153" mi="0" ci="25" mb="0" cb="0"/><line nr="154" mi="0" ci="9" mb="0" cb="0"/><line nr="156" mi="4" ci="10" mb="0" cb="0"/><line nr="162" mi="0" ci="12" mb="0" cb="0"/><line nr="163" mi="0" ci="3" mb="1" cb="1"/><line nr="164" mi="0" ci="12" mb="0" cb="0"/><line nr="166" mi="2" ci="0" mb="0" cb="0"/><line nr="167" mi="0" ci="1" mb="0" cb="0"/><counter type="INSTRUCTION" missed="6" covered="296"/><counter type="BRANCH" missed="1" covered="9"/><counter type="LINE" missed="1" covered="37"/><counter type="COMPLEXITY" missed="1" covered="20"/><counter type="METHOD" missed="0" covered="16"/><counter type="CLASS" missed="0" covered="3"/></sourcefile><counter type="INSTRUCTION" missed="52" covered="760"/><counter type="BRANCH" missed="25" covered="29"/><counter type="LINE" missed="3" covered="90"/><counter type="COMPLEXITY" missed="20" covered="62"/><counter type="METHOD" missed="0" covered="55"/><counter type="CLASS" missed="0" covered="12"/></package><counter type="INSTRUCTION" missed="10448" covered="22677"/><counter type="BRANCH" missed="585" covered="1247"/><counter type="LINE" missed="965" covered="2414"/><counter type="COMPLEXITY" missed="1384" covered="1859"/><counter type="METHOD" missed="941" covered="1386"/><counter type="CLASS" missed="83" covered="201"/></report>