<?xml version="1.0" encoding="UTF-8"?>
<testsuite xmlns:xsi="http://www.w3.org/2001/XMLSchema-instance" xsi:noNamespaceSchemaLocation="https://maven.apache.org/surefire/maven-surefire-plugin/xsd/surefire-test-report.xsd" version="3.0.2" name="test.alipsa.groovy.svg.SvgElementSafetyTest" time="0.003" tests="3" errors="0" skipped="0" failures="0">
  <properties>
[...]
</properties>
  <testcase name="xlinkUsesProvidedLocalName" classname="test.alipsa.groovy.svg.SvgElementSafetyTest" time="0.001"/>
  <testcase name="getQNameRequiresPrefixAndNamespace" classname="test.alipsa.groovy.svg.SvgElementSafetyTest" time="0.001"/>
  <testcase name="removeAttributeIgnoresMissingAttribute" classname="test.alipsa.groovy.svg.SvgElementSafetyTest" time="0.001"/>
</testsuite>